-17.828135988840152
-25.356226934411772
-25.8934535955869
-21.997773615392074
-25.203269300917118
-42.90318364641507
-43.20819255506277
-42.72961460143287
-42.619869657416054
-26.4205588428952
-30.0
-30.0
-30.0
-37.16924088071347
-24.580907635222495
-23.703039475734784
-23.563006090256103
-23.519928783210368
-41.09647374167464
-41.71339133873566
-43.24947003074355
-32.44896627936804
-42.2138462893143
-42.90408552546866
-47.5
-47.5
-47.5
-27.634118488623542
-30.0
-25.597532858253523
-26.3044718017823
-30.0
-23.59823063388562
-30.0
-30.0
-30.0
-38.61481101810832
-37.9942986929097
-33.58283954698537
-32.01371543184388
-35.61655790373081
13.300473824814834
-24.42467986730017
-30.242283733234483
-65.62507425044572
-19.40922732796666
-47.5
-41.487259800555236
-47.5
-47.5
-47.5
-45.39983843954503
-36.56238938491697
-39.550985411730025
-38.274342539680646
-40.88808880129542
-26.476100181902357
-43.13731984284132
-47.5
-42.79933291451138
-44.609383137403874
-25.356064605822286
-23.321431860684186
-23.15994280989277
-25.428814654948823
-30.0
-39.77800433443908
-27.483853219176016
-19.54485891460327
-39.64670309836233
-36.53899787486083
-37.52791476766716
-40.97823860874591
-29.62747619337766
-46.4589132722802
-46.244467526734475
-52.42577407705474
-41.283731290783955
-52.65695552115223
-39.91635709204594
-54.97391896184106
-35.89759497359324
-55.3125625517401
-36.44117595968408
-37.98889164079189
-49.34367416240343
-47.5
-42.65463988738432
-47.5
-47.5
-42.5
-47.5
-43.98793242236497
-36.13834687397835
-40.224862515604784
-42.5
-30.0
-23.76452153437532
-23.878889198131507
-23.409363621458027
-30.0
-50.733991412546246
-47.5
-39.343904540293465
-44.49592806120978
-42.115068673472834
-30.0
-30.0
-21.981702739271583
-25.185868366468274
-43.02562089507239
-47.5
-37.72143028166
-42.70320242849286
13.738620131918344
-30.0
-23.254116322397905
-23.318354124418768
-25.515798854531607
-47.5
-47.5
-41.41022124759448
-47.5
-47.5
-26.264825028009035
-27.555683629803386
-22.400106175025797
-26.707659441545285
-42.72386443621982
-25.211079524717526
-47.5
-43.24330071033495
-29.512144546896664
-45.0
-45.011081286751406
-27.876685037327846
-40.67368462611137
-48.662308036228055
-44.99308253581148
-47.5
-45.011081286751406
-45.011081286751406
-57.03585812134615
-55.994796536894356
-47.931708776918455
-59.17639716297818
-9.458131551996273
-22.111981790040975
-60.24482332751539
-55.29029749014919
-53.86166241148427
-52.09407823761762
-30.0
-30.0
-30.0
-21.34616210532384
-23.143770239488788
-37.84872577489318
-42.682768512607026
-18.551632832033274
-25.348065977144575
-39.79799960148838
-42.5
-30.0
-30.0
-25.435506610695263
-30.0
-24.045279275784164
-23.216726354048056
-23.47988251074782
-23.18437081753682
-30.0
-30.365847816217208
-47.5
-38.92120036721052
-38.19248843067097
-43.370398592586035
-29.2058305362049
-47.5
-42.97886017247009
-42.752891858976
-34.40335550581317
-30.0
-23.17523123819638
-23.542017922750745
-30.0
-30.0
-25.097034096237472
-26.729791500683113
13.568365647092703
-25.606660612095553
-22.918701538020994
-43.61768668598339
-47.5
-45.021960250434304
-50.0253255699868
-55.57451854264218
-56.27044684361915
-54.34285564472398
-51.24889130023599
-58.56717493267588
-43.22312801664707
-57.62156258379564
-53.292227383821015
-36.03264512967857
-55.26643963019257
-47.5
-47.5
-47.5
-42.755215849807335
-38.833966913894244
-52.38553659166015
-41.93277535123525
-53.15574369221561
-41.42911793634671
-52.333110349222345
-49.00552865975188
-44.11210604348802
-58.52360408857744
-44.25141877118793
-24.434618633378197
-24.71242074951398
-26.7745216646435
-23.548229863238
-23.323913534952005
-30.0
-30.0
-30.0
-30.0
-30.0
-26.329806192320213
-30.0
-30.0
-22.49909219375647
-29.240349464965142
-17.770948318679356
-35.074474081334536
-49.726184991168836
-32.6335651909775
-46.23968637162129
-51.22513567115659
-36.13774175372738
-28.82589111572924
-22.143965886356806
-42.5221573839363
-47.5
-38.91951966437375
-43.80898840622952
-41.31365222054863
-51.27459445652302
-46.75398028349549
-44.66511095358129
-49.971161627579676
-51.88423916336155
-43.172297330684174
-58.285549418831415
-42.23329105919282
-55.14929772375902
-60.001795888476565
-26.59290557587199
-23.336786845131396
-23.219374019461153
-25.18367137104874
-24.7123487027827
-23.627678330183112
-25.455253189475037
-25.8878711247632
-30.0
-47.5
-42.933336203726846
-35.68213131740737
-43.74884755206807
-30.0
-40.07927515009659
-27.964541593188443
-38.86066296401402
-42.5
-32.090430085160605
-30.0
-26.544096063999383
-31.23608434015056
-30.0
-42.92015855766223
-47.5
-43.39982301990516
-43.21769750256044
-42.89164096282084
-58.82734055978031
-52.5111302558614
-54.47926470155773
-42.60138998743628
-53.59169062004797
-43.28773128211466
-54.487315732922774
-49.53256124752061
-48.50490331578139
-30.0
-25.178800501223087
-26.548520640974772
-21.59519531477401
-40.83238025464273
-42.5
-37.491485544031875
-36.63283009722826
-43.58277732138694
-47.5
-42.965953096048246
-47.5
-47.5
-47.5
-40.242817702658286
-35.07983695099737
-24.742190276317903
-44.99308253581148
-19.98169657064868
-25.33823001643831
-39.5626335873107
-45.011081286751406
-45.0
-39.26943822365999
-43.32498626210584
-22.62661918340264
-47.5
-47.5
-38.9410914939662
-25.466148403139684
-43.037480314845126
-20.843288932391623
-43.069581458562766
-43.64897383163369
-22.449676530485426
-25.992545952394572
-42.81188772085433
-30.0
-28.903210826957817
-30.0
-30.0
-30.0
-30.0
-30.0
-26.07201788445296
-26.152483419798294
-41.251162428580884
-41.47176261717644
-47.5
-33.96467135888986
-42.0057355447655
-23.662065524448785
-23.235791543496155
-23.578264755244497
-25.22604104593577
-23.396144276086638
-42.73423379148394
-47.5
-43.40240678568835
-42.83052621876257
-47.5
-44.245909956876986
-42.75066244082278
-47.5
-47.5
-42.73653518716178
-43.60151769886848
-47.5
-41.967904153259134
-33.020726511524174
-42.5
-24.60506876063029
-46.27835361306252
-33.639566604736984
-39.92688023873218
-29.401900790497262
-49.42545598116126
-38.800145266307894
-47.5
-44.24932734564559
-40.247338297522276
-56.63749601917509
-55.39368385511785
-56.530379832034114
-31.36714822312784
-27.687406826234366
-30.0
-30.0
-30.0
-30.0
-22.452743937371913
-30.0
-24.615931692249312
13.628459130210311
-42.736795700068114
-43.619158737755754
-47.5
-42.741659251798104
-28.109466402863976
-29.757220727478867
-42.961202024511806
-32.79942491602522
-56.1061252481184
-41.1657930893837
-34.451069051604776
-39.081206498409315
-27.92902878391847
-45.011081286751406
-40.826983148051866
-39.0242537325758
-47.5
-47.5
-40.577089044369
-42.83561988828314
-42.79783252963735
-42.68343512474752
-42.63600614145959
-23.205147872901108
-23.387868405513892
-23.386331225670865
-23.34710131290231
-22.965412990305943
-26.562576892895017
-25.294281728260188
-24.815512714717265
-30.0
-47.5
-42.748597259448644
-42.82907574357975
-47.5
-30.0
-30.0
-25.366947117275355
-30.0
-47.5
-36.974893766608844
-42.5
-30.586993137970993
-37.3489257954425
-31.93429087622348
-57.08677846195064
-16.598326929134323
-44.2790894382274
-53.16023888294807
-63.01391853098961
-29.533203070200678
-38.77677338919722
-49.91694924605654
-37.293842792363165
-54.71388544481908
-37.419328682158636
-30.0
-30.0
-30.0
-30.0
-28.053955877471587
-25.148761412268207
-26.454792233521392
-25.758612038129066
-34.83883789043845
-31.845812349983113
-28.63229957388615
-42.91917272991884
-38.81467122837445
-44.99308253581148
-11.832069253400062
-18.376848150000583
-45.0
-45.011081286751406
-42.53967083968027
-11.165137126014894
-47.5
-47.5
-47.5
-30.0
-30.0
-30.0
-27.09454106831758
-42.87438441078791
-9.490621626101879
-42.712702667859524
-42.72150361970611
-42.20106235766639
-38.88980144519648
-47.5
-34.076478089047704
-43.65111216645696
-23.04848010589083
-25.578958838100437
-26.137704026990626
-23.94185714205414
-55.24985120138873
-55.31741835196921
-38.90376964456382
-52.106362876976995
-45.927344092132074
-55.77419943115043
-53.08028452962904
-63.56065634737162
-53.30740345726264
-54.19207679972281
-30.0
-26.513794050205227
-30.0
-26.491200990023454
-26.56443226191675
-42.5
-38.49914169423162
-39.83199787948776
-47.5
-37.87322214877284
-15.08569783237337
-30.0
-23.607793806856762
-23.58100634199825
-25.11294428372621
-25.04245888452282
-26.219573185086116
-26.249266829468183
-30.0
-26.091137406471447
-39.49261161499997
-45.011081286751406
-20.1953019769142
-38.7727228243335
-52.98416919720088
-36.386451956249125
-46.17248009335897
-45.42269551087412
-50.1154075774502
-38.277897873947104
-40.77293971602329
-42.5
-42.946039081342654
-38.044828791275194
-42.5
-47.5
-44.7931112716719
-47.5
-42.30364202558247
-42.431536905175854
-42.75932373428894
-47.5
-47.5
-52.31100964856839
-30.0
-30.0
-23.83758770264144
-24.116620667667902
-24.431285630423474
-22.054684894722424
-26.451696546312892
-19.052688150293033
-30.0
-47.5
-42.04389685272747
-46.51844131077995
-47.5
-47.5
-42.86356099584812
-42.44182763620234
-42.26329446303164
-42.88502670090322
-50.26468220786788
-39.47037099245682
-32.56778209624263
-49.315072342151126
-53.8165234087533
-44.54221831597567
-42.08498430986148
-33.7148288350339
-65.42441823818598
-53.26486326565296
-20.104894309810064
-30.0
-26.13071299907771
-30.0
-23.563725270993196
-30.0
-30.0
-30.0
-33.182239006845
-51.14122074410948
-47.5
-42.65214080262498
-42.826975233895574
-42.5
-39.2501002515319
-42.5
-25.674101273552232
-37.80369116874483
-47.5
-49.84886930000647
-45.17845116864373
-52.15953926188443
-46.77345663775399
-44.304326043308734
-25.550386367325338
-24.61508305162097
-27.080353626978173
-51.87700542990288
-43.20244541760394
-33.24086112424799
-47.76030862262586
-22.16118999712063
-45.11150675750545
-48.309129352116145
-41.69753206528315
-35.87440061043995
-44.99308253581148
-36.64784868302836
-36.96846577857984
-45.011081286751406
-45.86685317169794
-37.86517881905569
-45.011081286751406
-26.176195600442806
-26.71200599819738
-23.975686040813756
-23.66331250493852
-30.0
-42.16182887328179
-51.439989746791944
-47.5
-40.48450086629951
-47.5
-47.5
-47.5
-47.5
-43.22457608584528
-26.2005713821139
-30.0
-23.398134265152247
-30.0
-25.60265327106011
-25.912760957904858
-22.281049368216532
-30.0
-47.5
-47.5
-49.90279998643409
-40.11181135719448
-47.5
-30.0
-26.41983712755605
-30.0
-26.374993439398203
-33.227222582748965
-42.740679574279326
-42.72538153146569
-47.5
-39.0653914913369
-17.820148829710174
-42.5
-39.98732028072225
-41.48451740304962
-41.16546913877253
-25.221429038578947
-30.0
-30.0
-25.98519396364403
-51.34614071676879
-60.706429623785546
-41.15789421684657
-45.04141408963015
-47.03997026639475
-51.31951376563114
-28.213484336689795
-38.672308083194004
-52.104739448278934
-53.470118984281214
-30.124176513271593
-45.011081286751406
-45.161886227150575
-45.0
-55.78509268269187
-45.0
-36.263065450981415
-27.07539076816328
-46.06835423582467
-32.69235561546976
-30.0
-16.135930078961582
-30.0
-23.629757961949906
-25.096223899516573
-26.560815008087456
-30.0
-27.45505189069676
-30.0
-36.17010867418534
-36.89550967228034
-37.89159500427653
-47.5
-37.079692609210156
-42.72685529861091
-47.5
-47.5
-43.86348605705484
-42.866357618649445
-51.74790541486806
-40.17727636088332
-47.5
-39.04565050418738
-47.5
-26.056589811135197
-21.847768007745692
-24.87021097318029
-23.507714158619326
-47.5
-35.943959250736555
-42.5
-42.5
-42.5
-42.5
-49.00740007964123
-47.92258888573795
-67.98256885920878
-33.10430213449028
-59.247865258661
-56.63680536722833
-48.9405065122295
-58.56565557361168
-54.66631262951787
-46.42875509312087
-47.5
-45.222566664569165
-45.32365393460966
-34.887046883495216
-30.0
-44.765779128344334
-42.13541232989601
-47.5
-47.5
-30.0
-25.861534382818526
-23.06484389088962
-47.5
-38.921794682259765
-36.616888467557416
-43.773250107897844
-44.49758400708548
-38.840399006672726
-37.8183014179471
-61.97955022975847
-59.2701034889476
-41.12771137099554
-42.552840153974074
-39.9169116590145
-53.88172609817792
-54.236820155228784
-44.00985346839884
-37.875801403811884
-32.716896689743194
-23.44000383833194
-23.960196506918358
-25.39616793233524
-25.808884897597725
-30.0
-30.0
-30.0
-30.0
-42.244047838343675
-42.759615770067946
-37.62918736047918
-41.614147245613125
-27.86093246312725
-15.702776410481468
-45.011081286751406
-44.99308253581148
-50.53075830796367
-45.25458417258569
-30.0
-25.130975564157726
-26.707366938611134
-28.094958142690594
-25.915041626405745
-39.39835705963897
-47.5
-42.5
-42.5
-47.5
-36.59514528327145
-26.011464970508044
-25.044597352495636
-25.371567642970113
-27.213001849563778
-30.0
-30.0
-30.0
-30.0
-37.62529727572623
-41.9437658013623
-50.73191519635702
-40.9195193613501
-47.5
-42.78778942659919
-47.5
-47.5
-51.925506367077475
-41.61729800448853
-42.5
-35.91117460708951
-42.5
-33.11899044936821
-44.99951842089843
-20.849797369876676
-26.50372513780873
-25.36527159174303
-24.678385653649855
-30.0
-30.0
-30.0
-30.0
-48.235681877438964
-44.99308253581148
-45.0
-45.88128202499632
-45.011081286751406
-44.99308253581148
-52.433413845545715
-44.99308253581148
-45.011081286751406
-43.80805708458848
-30.0
-30.0
-23.865692425734853
-36.91963989454949
-23.266444913887394
-38.55172369666664
-34.42301500541765
-42.5
-47.5
-42.5
-47.5
-42.388939920454405
-60.32059152687155
-56.0170136253558
-44.742760834480755
-43.19517761246481
-6.562489009201311
-41.34718735773916
-45.657577321669976
-39.492449884430926
-54.490150039862904
-39.13868170964973
-43.72416697696255
-45.174746145484946
-47.5
-47.5
-23.028419354099064
-21.738097283138558
-27.051722403059344
-23.578426037900428
-44.29407933746856
-53.419119825128554
-42.675614607750454
-45.872559731924966
-30.0
-30.0
-23.234579579383905
-25.37995559120757
-23.78546933007893
-25.72797146548355
-25.83550553310588
-26.16984915705339
-30.0
-23.87259376087011
-23.727556272709656
-30.0
-23.29024404825531
-30.0
-26.047976613448604
-30.0
-30.0
-30.0
-37.03358113270063
-42.5
-43.83382834396123
-43.07411851276217
-28.947668915476367
-37.74007325249596
-55.52774451855678
-48.96173843409818
-39.117990472375666
-48.736612679697316
-55.51502119205293
-46.84798161113465
-53.35452419942874
-40.729143994468885
-45.05858070612183
-36.31106320583837
-52.0880665228396
-47.5
-47.5
-47.5
-30.643381557031798
-45.011081286751406
-48.071286475096024
-37.89803989032738
-37.80926410886265
-49.26827229247063
-45.011081286751406
-17.388203844984176
-38.017112590942396
-52.99981301161044
-47.339563164326414
-42.269117096739905
-38.85689833621322
-47.5
-47.5
-22.926211872361158
-26.20390768075697
-25.10742227746374
-23.188839586915044
-41.96401480067515
-55.212723272781176
-58.60042193861756
-49.38357067821342
-36.28684488739688
-52.9575984440071
-48.72522307301489
-52.59785866940574
-58.76680500061764
-56.71544865064216
-39.14100883436688
-42.55675579184357
-47.5
-47.5
-42.671465490100275
-25.0766491308622
-30.0
-18.413120008882018
-30.0
-37.479057879165154
13.36116272492428
13.666486309456404
13.508596777688952
13.486212906184047
13.559792916937313
13.655688532144673
13.532794989689366
13.710434221645956
-30.398504520844867
13.615395263131685
-28.863437086361092
13.692981662258777
-28.959849027483816
13.684260086441268
13.732615740833811
13.529064797064159
13.54954393430044
13.70243681104952
13.599958267826668
13.548290738854439
13.004163724681202
13.49810778306896
13.36963883633885
13.408200737030135
13.607146455552549
13.698592929383034
-34.006325005572606
13.416764402809681
13.640849589203308
13.560797553609333
13.427974214652426
-28.477314313930457
13.400470902685068
13.526421866393557
-23.495022954359385
-18.99254204092811
13.604522048469809
13.339011468531405
13.071675268903494
13.277920279556678
13.529132145387194
13.392567467629481
13.54814787132558
13.298413043674367
13.588769891240192
13.42948909997966
13.638278928150266
13.504662071636032
13.653268004650714
13.457280634941798
13.665377996065377
13.38173713439371
13.645709422611262
-23.55885763336545
-18.996513846225156
-22.423030515789414
13.2903333111847
13.3328332382486
-28.899491432195987
-28.987671894671557
13.404938668849175
-29.95699153831624
-30.0
-17.631517282463708
-30.0
-30.0
13.48529147586036
13.45054558055196
-16.765760102651697
13.614145496266254
13.698721648586805
13.601027010232528
-45.011081286751406
13.553204554115805
13.65150539328422
13.37014559948539
13.618481161340965
13.629425867271165
13.60939996900389
13.745933562124137
13.693826516940788
13.527596663373448
13.687516761639193
13.71467770381928
13.464353954385503
13.704280148543997
-59.59323356826715
-46.14704950520677
-36.49940795670201
-39.037476649813485
-37.69632469890193
-37.272521177638325
-31.07705629146988
13.619784086317045
13.248743113904133
-47.5
13.726491745222642
13.477395737842716
13.672947496565847
13.705749362968923
13.660499059232302
13.68576859302486
13.484355089949009
13.534465067949583
13.67859640507323
-17.31801535150123
-42.5
13.242415621050625
13.555991162226814
13.366451057447478
13.672010068123766
13.592842604941634
13.725425910471902
13.718287073051863
13.681901311635325
13.643482844580904
13.449245804620714
13.67488912832211
13.37395818460331
13.537917417405726
13.546550115700551
13.70425461118707
13.479212208412346
13.622955999078549
13.581794467482892
13.60092305597482
13.436051472410274
13.660238445395679
13.649592782928266
13.567391841638187
13.701849739797986
13.61004690047645
13.672959805239065
13.331233010243807
13.674473970797175
13.649063958878333
13.500914274189194
13.724213336028985
13.723376630140509
13.305888777512195
13.397545318557198
13.503150396132204
13.488286156028664
13.651280476222107
13.482630461384181
13.530261891218842
13.446967709433002
13.61726472512505
13.736971128457503
-31.644720905317705
13.559977030054172
-45.115030571146264
13.487415654043337
-42.384230525421806
-47.81276316849542
13.62918760805152
-50.60928557345591
-37.40848525129934
-22.19433455195404
13.69262500466049
13.199581390003521
13.478096525504627
13.441532858253545
13.647040401778336
13.482797705709567
13.184588607455897
13.67919824260702
13.44643793974638
-30.31300400235347
13.613583754940255
13.666984007897227
13.501468206075653
-32.834408999183445
13.624620929590069
-30.993716973057087
13.453444714807363
13.5994219332457
13.545275910613723
13.6448579268316
13.42870167960065
13.341555932206617
13.096089835578741
13.707746573256134
13.606813379722851
13.719310119895782
13.522783012795681
13.67468488843878
13.156669498363033
13.533500640562918
-24.712519856235268
-10.169313782116554
13.609821774190975
13.52449442157001
13.729144801087713
13.64434659653991
13.519013758973369
13.607300375308151
13.671277493778819
13.70820169087064
13.534749479069083
-29.675384166427712
-21.019194055432042
-34.72179340832225
13.298514564684906
13.47675230941001
13.592059946840196
13.407725920462795
13.594868212274742
13.447696541375896
13.566951404017708
13.644922359620754
13.543172142924046
13.303083563289436
-31.202328782909323
13.712386514781025
-34.89058351727081
-48.88214092765224
-34.3405522427275
-56.068535233625454
13.64251615815213
13.738798903599875
-60.83859564162861
-49.985609074682
-16.62432804317422
13.628797869571049
-18.91509981508423
13.59407092917727
13.50802256764831
12.864450826984118
-19.51297020165524
13.443846601097993
-21.896126160030814
-23.50344641634635
-47.5
-30.589225562190535
-16.76991647576899
-28.853395426741272
13.52189300368666
13.11696744844134
-35.340790173053676
-39.2361543545865
-54.58055390523707
-59.10927192726675
-46.33133051334613
13.417779321134812
-38.86752920657807
-45.06209715187133
13.245070868320582
-46.4035033399642
-30.0
-21.788707856509394
-30.0
13.595532372385765
13.254569281720109
13.72690140288578
13.72125454586079
-29.832619298371245
13.340984335663814
-30.0
13.662753717396793
13.551084492711837
13.298097449913783
13.532001497717456
13.597106407809944
13.742766709704402
13.518221145631639
13.725729090775928
-27.025851330960542
13.732755346649832
13.424017095938435
-16.735219180725384
-24.14615340880612
-30.0
13.603540853588708
-16.794765825870808
-26.516709102854612
-32.35678402626513
13.648995696617128
-16.79551132909483
13.703387101689094
-47.5
-42.5
13.737158247322311
13.59407207231006
13.365791110752522
-47.5
13.492035908193591
13.596647651725277
13.349167376680171
13.63413192534528
13.646210572643238
13.473770858041965
-28.42509446920034
-44.99308253581148
13.64690149874385
-17.52246995921083
13.615405710703683
13.33185056479133
13.553403223780133
13.31912100906675
13.609251179413587
13.543242506319842
13.44099208087447
13.577713347590207
13.704996946274592
-28.891132621914515
-45.374321694781514
-36.96022873916816
-58.431245196693304
13.538335563202395
-52.90985650436891
-43.871238189245645
13.34962596527387
-51.10829344026076
13.602806003815521
13.658403391278595
13.549972985390855
13.70247317955694
12.86911112013681
13.597664173806724
13.696870188831815
13.611829562723017
-30.0
13.373309901254164
13.546049810493377
13.57397259015399
-21.072800825700376
13.525461363789773
13.697767486024222
13.639413166997972
13.653921106231008
13.647545149072153
13.583268305818686
13.504331976463813
-47.5
-16.45798952094672
13.662623930314332
-17.159135227236632
-42.5
13.60977663013832
13.248080794432159
13.266957913527653
13.339191080267469
13.528574071392107
13.271616326350607
13.744874425821312
13.729700546502713
-45.0
-16.816652852424333
13.712279047688044
12.960301891883116
13.165034474253552
13.74001084044414
13.29763350709054
13.664381708556663
13.610151269463438
13.659710689966031
13.338270070607251
-55.0811550658501
-42.93322340414432
-49.39504769711752
-38.18437448047557
13.463844058991643
13.50559306259116
-39.054674844228614
-46.517028553799506
13.643077882884818
13.531702834942621
-28.1433645378035
13.370233881055123
13.556303038349728
13.68622729292133
13.583722597538607
13.59700086407778
-40.29435837694598
13.607044562101297
-38.39282400222806
13.651421632458188
13.385992445990373
13.598267778522484
13.623582324198017
13.62185235539337
13.728080244508423
-13.488413473337095
-14.481034647590434
-23.464682199013936
-23.496820427491333
13.431278224050956
13.677749686001597
13.59017985341719
13.587970474115634
-21.69600228716228
-25.082283423031736
-22.347735608882303
-25.97231573222102
-28.490687471679774
13.557656817434955
13.604978792163013
13.466926239512006
13.326502530124424
13.699132375645918
13.332351637047067
13.396684833520856
13.637128271061156
13.271062000636489
-16.972702783235846
-17.218853378719263
-30.0
-30.0
12.890822156374913
13.399647322227477
-42.5
13.62129014768072
-29.92465331649633
-29.18052984977629
13.26574787288133
13.677874581698141
13.536380237117275
13.434580588248156
13.648809316429983
-48.79485382967383
-34.40097667959983
-37.24677088069896
-48.77885465609399
-41.14865580631472
-35.62616309185762
-29.9622586986589
13.507358730338424
-36.085258329083466
-27.965822935413954
-22.003620588957382
-18.424859438344743
-30.0
13.55297364682879
13.535099891506711
13.63229390908483
12.839801051583
-30.0
-30.0
13.612712775804809
13.65939058149809
13.620696348317837
13.386807487603754
-16.76455676744296
-30.0
13.668815267060339
-26.51151199928344
-26.48985960857341
-33.36726979787052
13.414101514223068
-28.853656482525317
13.591578093222843
-30.45186737344099
13.642519454841423
13.61829818232074
13.704543486169714
13.597194848034665
-45.011081286751406
-17.13617293400525
13.73347048737048
13.370316196203564
13.739050973461836
13.5621018553907
13.539595131021262
13.604683623234338
-17.05513736598637
-30.0
13.677671636921634
13.702462162948345
13.602984019595514
13.582589722282055
13.54640981970991
13.664002950089525
13.644417473957958
13.46404934675412
13.564757965506406
13.416589209135003
-33.54950515555723
-42.5
13.608960830315823
-16.691111946771922
13.605654774141671
-47.5
-22.022171553361414
-29.22278976892812
-30.0
-18.97924621765808
-47.38923790269921
12.942138693316272
13.656956742657686
-57.62287540654201
13.683032494680598
-29.833884620820612
13.670047661083313
-43.6189766195946
-26.745643650942643
-39.18871402476544
13.579521652094956
12.97005895565052
13.523997804227069
13.725012749217203
13.310798522763442
13.484211157331185
-29.750692683151115
13.634025117724576
13.291020963588313
13.749300342272923
13.66803892257475
13.501147082625954
13.709345306721046
13.636476205749236
13.470163327586285
13.534448368565105
13.565860177630608
13.56821140927509
13.709654792512804
13.346404042102652
13.420456491886736
13.613156142547117
13.549262373857083
13.582261751355993
-25.696981019002877
13.431864748555622
13.689950210468725
13.604376280877705
-16.98358177376161
-16.875583606384815
-47.5
-42.5
-16.73229131955366
-42.5
13.69086431805613
13.678449278289968
13.34525441150294
13.546884547872134
13.560297205237175
13.616202124518678
13.711364982323271
13.29895863246303
-50.632335703435515
13.550967186026243
-40.12482705878344
-56.46446354910428
-20.32848050492251
13.409811453383089
13.56487292680809
-41.631311449527715
-54.038874607741
-22.390648426468648
-39.094095546823006
13.240887842294331
-36.96712137463288
13.657083661895292
13.715571714550691
13.592132445082097
13.478737100713037
13.34210438836929
13.501517845419617
13.280379036400715
13.392199453585343
13.7031819197309
13.72063350532912
-42.5
13.659562462148049
13.514217442654816
13.65476234166462
13.741811361303224
13.671761753871412
-28.98667155501031
13.225572983382255
-45.0
13.518719216199944
13.347501043650231
13.4650114701753
-29.12891832942357
-28.883378071549295
13.69770199259862
-16.604011037966245
13.632363921073722
-19.867979540950397
-23.079348902427434
-23.294115587622628
-23.144908985533903
-30.0
-9.573968629419698
-23.30312882216829
13.258057657024217
13.674478150710398
-27.476455911520894
-38.08799615631924
13.74320891229679
-46.60323714104564
13.693347046103309
-47.203664781414545
-33.12668360778088
-25.987263612179472
-48.630893865171856
-21.897055292246378
-18.672860283637927
-30.0
-30.0
13.154000471722616
13.690201888518363
13.607726346113415
13.620056906269904
-42.5
-16.940929344653185
13.365683045180154
13.20399866957978
-21.325470516672414
-17.651750854630173
13.480076463776905
-25.54890772068923
-47.5
-30.0
13.486345798395197
13.422328350013412
13.711485868972524
13.394643094407927
13.441525703277081
13.517441606959196
13.534981161190878
-17.0666169290343
13.534557073768038
13.703624677447833
13.668552220623567
-45.0
13.215135544710783
13.434538196569665
13.418454758197054
13.589798161492807
13.730576116448079
13.311324708342548
13.550143268244254
13.712636025535016
13.558882303741534
13.62552307315493
-30.0
-30.0
-28.536410921824334
-42.5
13.64022727300705
-30.574243507447328
13.316909979990744
13.471021894153072
13.732728045834236
13.411769152989935
-17.712632734277996
13.589062075111194
-43.69955354221384
13.60256941581025
13.085253192469768
-56.51641765089339
-50.465920451087925
13.705702081404011
13.49684817708104
13.730713536969185
13.64852893800405
-31.561791968276385
13.152471594628496
13.650578492489698
13.535971891469693
13.543139442009657
13.688016471585122
13.731582092390251
13.142290908581366
13.551826317342929
-18.875672255744494
13.636140995206226
13.520650797522517
13.462454184395593
13.40674454661574
13.607962708064578
12.831557126970342
13.274588277453095
13.281867731498476
13.718493953353985
13.70052073635179
-27.438340051339452
13.688912295843751
13.735654633193306
13.692019352351041
-21.887160247892115
-16.95954670587783
13.58213395772441
13.554067000952912
-16.748787991490225
-42.5
-42.5
13.697466173093497
13.347998831472104
13.617157080500826
13.580576805083922
13.73297406790524
13.664768446032424
-47.5
13.627259441313754
13.734225594961181
13.579472971074562
13.319865992878286
13.745089206751546
-36.80801978691861
-28.578552872583202
13.569134531502366
13.62699231991246
13.327538823267622
13.40887662522711
-56.53110559094246
13.489920911582786
13.533793168200834
-46.56649703682879
-51.59115519647429
-27.381628197145005
13.588619963278399
13.688724249826537
13.614396706056924
13.454351607160286
13.137782344075998
13.322590060797552
13.131518611746252
13.63807409907206
13.5033036378269
13.64413007935839
13.564537216152328
13.705961617504135
13.741446838452953
-16.598662982443358
-45.0
13.414976335391344
13.465630703286358
13.47912970036664
13.251239960347188
13.640213392207754
13.681001896749265
13.66608946036859
13.450112413998335
13.470121666310384
13.669685368534122
13.690439611998967
-28.17334220389928
13.48771491386561
-42.5
13.476388704194715
-16.344733073190444
-21.021652220448107
13.355578447739422
13.558888352675806
13.330917335178906
13.674990441870218
13.317271841268628
-30.0
13.44289163540114
13.611817160381865
13.740763705194063
13.239238064038371
13.5387471153336
13.424458497963945
13.625185682706963
13.517435904514757
13.627277886932545
13.146739167863686
13.62063520736868
13.286030419202884
-32.80646461531852
13.745555551328842
-51.89223499437385
-32.6451194176375
13.401138926846176
-56.25572486332455
-42.93694390660052
-49.81856033138485
-25.59775272754327
13.722351968942368
13.739606938662805
13.731093836775655
13.570521699167239
13.644414767579015
13.55973633115153
13.330605286160358
-45.0
13.155506731499491
13.151674897082621
13.493223969621022
13.662683210486492
-3.3872435093396263
13.397486642721216
13.4949582370822
13.622614838191074
13.549541168144906
13.475948925697374
13.355726391165934
13.201586077558037
-16.31621730845607
-42.5
13.718468998889112
-27.7446657877509
-42.5
13.729525836424523
12.801257642818182
-29.885639765304738
-28.132129777481488
-23.514275482633046
13.675430231763215
13.473793326324921
-25.04516614723894
-17.629816355939255
13.580661995309084
13.218191407899454
13.732892677522305
13.746832160918924
13.362583515411476
-30.0
-16.849913006963888
13.367719151647409
13.74773338085541
13.749531133767091
13.60996508549742
13.41818838710849
13.70558081598071
13.581981024591322
13.512271188484071
13.167939808539835
13.747288862608123
13.672144179317748
13.311574069438025
-16.927609957964087
13.384044639879674
13.040844950750849
13.7356138436997
-29.36016610908148
-42.5
-31.393419197862336
-30.909465315344228
13.342435436232861
-9.305556510625413
-1.771308269958741
-52.4479825580569
13.510999878658046
13.558783840202654
13.462203601430524
-48.94720385629097
13.324746803110791
13.55185750380325
13.446170911579111
13.627773921246874
13.690911711011314
13.436393690648346
-26.448110173781508
-30.0
-16.884079434464415
13.55082395563448
13.25291675005942
13.494349892466522
-30.0
13.707704967174108
-16.819117282223903
-30.0
13.391477888949279
13.368707081710765
13.724855393092355
13.669004160249376
13.71021929359944
13.724325732577503
13.578870738251336
13.639907382579642
13.503083255295412
13.421450378800204
13.723836645073886
13.496861698401634
13.342633841132384
-35.656177165242134
-34.91668564842573
13.61437746162799
13.638362401215232
13.662470208734074
13.43138771087594
13.723791969364859
13.745607548917233
13.018171646266111
13.498037977939754
-27.368289103964752
13.397578600449474
-42.5
13.428610839726929
-2.690683135190122
-27.968182581186873
13.641452981164647
13.407047346845182
-46.961672505911636
-33.47970928083351
-48.06297215344626
13.62147379461278
-28.73174871807225
-44.504688771812305
13.553762868688567
-46.05972343588232
13.491392804292019
13.73854190195037
13.349190543891039
13.480335824623788
13.6011784335081
13.526118356135981
13.595935542937024
13.745956903443012
13.582925697294431
-24.698521367104814
13.388964612480592
13.186256458850906
13.418605523658849
13.015439028909727
13.190406514489805
13.495284719907188
13.372665525598784
13.625843852837528
13.737712358300149
13.467890023895189
13.556090652733394
13.53085897650552
13.55374017145556
13.495187462592844
13.634774226135942
13.420437201659048
13.64862315088855
-42.89366332013528
13.395486579946244
13.090110418593952
13.353131210673983
13.573679542996695
-29.434898952681174
13.699039270887168
13.275191859900156
13.653363292653209
13.683061090627113
13.647953522584519
13.403779630140647
13.387647766299823
13.669404086213653
13.620096153974092
13.404470388673152
13.521484631450008
13.45413305958124
13.069896735550632
13.561004414408528
13.684740809110263
-51.839597356944786
-2.7896447673204667
-52.11702596079775
-29.24938612899394
-2.63991450065552
-55.044906120866045
-45.39106203406711
-42.07539492394117
13.333931346129832
-50.6004882337744
13.69543628386847
-31.755313623024247
13.56114745674605
13.628411201763418
13.292944330345529
13.71583322333625
13.716922668658757
13.378371783794277
-30.599826131212456
-31.674049575985144
-23.08609097358572
-25.480643840252952
-21.954968842439502
-26.242742141806723
-31.14221494806849
-16.750776545108664
13.237530436371816
-30.227375305735272
13.493033666910678
-42.5
-23.54339186273376
-9.566869447591042
-27.27328503297167
13.551275571219483
13.466605537274642
13.333944983178316
13.65394970444875
13.51542685493854
13.62567159892895
13.721253952621609
-30.0
-30.0
-30.0
-16.9739351957964
-47.5
13.693993995346203
13.688211860572803
13.538793702688
13.437099946732953
-30.0
-21.616832184547548
-18.02462363655937
13.593210221864334
-16.942491523505282
13.137833931521598
13.59834850652852
-42.5
13.293281431895553
-33.438284099913474
13.724093874892011
-34.030852621026696
-56.78956657680801
13.581500917235214
-48.721136799009514
-51.630836212027766
-54.80878811905154
-43.446192360866505
-44.36541182384218
13.536413275023612
13.345629946632323
-30.0
13.49102447997664
13.391120041907822
-20.994297640564497
-30.0
-17.170729093688013
-30.0
13.607809803454762
13.743315824285476
13.66317053949969
13.492679785667127
-1.3802193890781138
13.545054411257214
13.500925893694053
-45.0
13.430846694838834
13.59435157182204
13.279972858963413
12.998503954321803
13.258640157800496
12.54987541685949
13.546872569078037
13.28700990680017
13.734418726072374
13.522164146438858
13.57728980313955
13.505809635494474
13.322024782146798
13.623244143222434
-19.7074980877596
13.61325986662117
13.705890595569773
-16.709754920988697
-32.179564249271195
-42.5
13.571181472591729
13.020412515578698
-36.60580873332148
-49.14231340184528
13.369186280022978
-46.40489146782642
-56.526688032460186
-17.62369338058572
-43.817342548619635
-40.057137077664414
13.512108258809304
-16.477202893618795
13.65860431103822
-30.0
13.454766251256311
13.715949669689813
13.25670914735599
13.537861462485058
13.64870341833387
13.682250463484703
-22.048148770947726
-30.0
13.575374149516447
-18.976648427390437
13.547557073627102
13.639686682336052
13.631498050541119
13.662503866882231
13.724507137589288
13.67645372157704
-28.15589310907064
-42.5
13.437796718780131
13.713819110131675
13.711161819933155
13.732827915792985
-3.124748435095213
-45.0
13.47706031966576
13.49049017255879
13.453999383075079
13.726542635410155
13.581754908475023
13.52623406798856
13.581188905826323
13.641483821798056
13.405204740399775
13.322009632745228
13.746085868841973
-26.541975686347577
13.361235902026174
-30.0
-17.04023907347205
13.309707376897597
13.228564539978041
13.53274694338088
13.619858240353107
13.559726374987422
-30.0
-16.883426329273878
13.265647146159298
13.507834570625969
-49.322945240630055
13.728509440645531
-50.204989469592476
-41.382354428436265
-36.40518557959301
-34.124856861924904
-38.29367864695547
-52.533093909821964
-3.0319430891047463
-50.24393590013307
13.578528238683761
13.485083592242596
13.635209176285592
13.645411498075193
13.709248207437113
13.729134430197947
13.730633718265894
13.59649700083242
-27.283409209340817
-19.803562213376157
13.456696351776168
13.542168745717778
13.534752840063252
13.727612679691084
-23.540629666925888
13.706634451052912
13.320676547875784
13.601289473141785
13.364111935299487
13.659204660488232
13.286497369434692
13.472273642949942
13.32174065148465
13.091920781642475
13.744337223033714
13.674656135032903
13.603651215130569
13.316127884869971
13.326397893412516
-30.0
13.708940929029193
13.619435339284529
-16.7171414891206
13.709277942068312
-28.68037086887467
13.70909813744898
13.600492222947922
-24.037080346376875
13.515554097749442
13.381124550502708
13.353624725822506
-29.444086650216324
-32.32850684254513
13.728062990633351
-47.5
-47.5
-39.171354248900435
13.319148629456436
13.684672303612855
13.230273375556013
13.176863516426984
13.577528079401729
13.594748243176966
-42.0936890297573
12.918856320062034
-19.05456652666426
-39.966253062767876
-48.84705874492294
13.625930516447243
13.51311546447036
-50.08918136345596
-32.99913836521444
13.599279005174521
13.644489371157066
13.65180849395805
13.65380400789998
-31.31064211016983
13.736243950344965
13.532374869431607
-32.69305445182417
13.469380167250902
13.570154527975426
13.671360700636493
13.696904710260217
13.501674681300525
13.610060980963341
13.372125200951015
13.747863952436497
13.302921035993391
13.74520870371669
13.526024779722542
13.489263787866165
13.712270959831791
13.42879986820759
13.53498413547238
13.708480266561054
13.674397253775032
13.67449856868496
13.16878004192088
13.539670714210338
13.360591510804959
13.655697982051805
-24.359266450768615
13.657592213639925
13.617883959670706
-47.5
-11.093755270665032
13.57683119235898
13.612019940237413
13.612486656641853
13.570989904534807
13.204128612699158
13.5785590931787
13.462719146186632
13.729180094508763
13.57486960519765
-35.08855996129124
13.63234808245372
-35.62675672161682
-32.777254926466284
-31.833505904001626
13.387904878224935
13.528133476233952
-33.39500955443221
-57.033848866371144
13.632407985981674
13.718311607809273
13.49766219583948
13.608514066406816
13.67697698756292
-34.63056752007657
13.735990164764297
-33.42393660948122
13.7079340802327
-27.96075628318881
13.551342080319591
13.634377614404348
13.423517531574083
-45.011081286751406
13.684600082496072
13.406725579104533
-2.807148780477978
13.474829327277401
-31.137322219947812
13.625637273528964
13.429954874215861
13.655721474258955
13.560541849158161
-47.5
13.475372622321588
13.650251231453863
13.673674623839394
13.136501236852643
13.506349800339251
13.644386936949282
13.667081607319574
13.726964826116358
-27.29326199375665
13.587410345051811
13.518263019183081
13.480331610872312
13.391269269479393
13.099793142995559
-16.949376305832917
-47.5
-16.935215269983644
-42.5
-42.5
-16.790381602129017
13.63349926088194
13.362069169214905
13.12643421825501
13.740150593674544
13.681970831051853
-25.633797868347113
-38.996750715392665
-45.45979079946936
-44.86209564492326
-36.363858700491775
-30.200327130306448
-39.78799760169291
-49.52493330504903
-37.636996534182344
13.740371811194253
13.651384805499289
13.389521033540673
13.350591224621038
13.540341052610323
13.566884218360869
13.607230533922552
13.445970572931152
13.7119225929999
13.212709510001543
13.597882350670456
-28.802665873113554
13.614392525467428
13.72729605438991
13.581691615914401
-45.0
13.745756722666583
13.721892553223121
13.67644800957034
13.61661822377316
13.607594743673712
13.690280919373821
13.288266563080324
13.545777403940521
13.63311420080797
13.616433405012287
-30.0
13.557453765823775
13.63201693322253
13.314324797485744
13.31450127301843
13.416454797639181
-42.5
-17.051683544172292
-17.016439184139735
-47.5
-16.669874858511783
-42.5
12.73531443542786
13.201669476049279
13.623347349589757
13.542685577800553
-35.10254259693767
-44.563082662278596
-33.05171818618833
-34.80554493513314
13.623080610638684
-54.78325056828193
13.36077664086164
-51.87655680097365
13.644067347273797
-49.08966680874348
13.683371668739792
13.66603713726033
13.614851472173811
13.697919954063435
13.676680616126697
13.479625356742028
13.679071980571162
13.695881564235204
13.439696634933759
-32.28706464470193
13.70596203079441
-28.303965780019972
-42.5
-32.34300906646981
-29.81530524206528
13.628005812993555
13.637330764439803
-21.843969907764386
13.474049064672277
13.561977601294634
13.352730349496552
13.7147996288394
13.467370185497382
13.544007212192206
13.193594437986944
13.660664813831097
-26.04717271779805
-2.9030133304878154
13.693647724228237
13.313150175064875
13.538214342628041
13.733093798383997
13.605006119813556
-45.0
13.57298363573411
13.379326403936698
13.724243364025542
13.249593241684092
13.681540415149602
13.709864496993232
13.297388957448188
13.63964260943055
-27.890007701927026
-16.75899049070817
-16.84464069586007
-47.5
13.521685663033082
-42.5
13.644053575536365
13.587138668587006
13.50234846292581
13.583169236743954
13.309072013548967
13.537414746964844
-36.126791657482144
-47.51489633286012
-35.832372840360044
13.553335514939423
13.507348268785757
13.562199667089613
13.719930867231884
13.501030403699728
13.583451905872128
-49.996561293850455
13.689577533593528
13.723416731860265
-41.669161472335624
13.581478299895567
13.352259790006038
13.524370308087875
12.580737808212023
13.273586137485479
13.652173103420754
13.399687086455813
13.538727254129178
13.45023117416947
13.352920010749074
-17.441714623792077
-42.860426425642885
-42.703149341910446
-42.5939241977782
-42.24711706952969
-23.53745553493005
-23.84439471766394
-23.46228052484406
-25.612012155750143
-23.806443223724326
-23.18746129478298
-26.974574001484303
-23.50790505995731
-23.568106247734892
-42.96869261278596
-42.814293860768885
-47.5
-47.5
-37.62738471639633
-36.73635761132307
-42.5
-38.122476988369
-36.8549641025494
-22.220417096355604
-35.27206627575927
-42.5
-42.5
-37.179949508372964
-33.78455001460122
-39.85184537713796
-40.20202083865853
-2.104391664092252
-17.47802550803073
-17.083254176236196
-24.76578176747846
-18.665820186141865
-42.5
-42.5
-16.79331762768697
-42.5
-2.6673811044889746
-18.239975760728253
-39.18986837966636
-16.724016851071724
-17.46311108233512
-42.5
-42.5
-36.34779802629228
-17.188376165531547
-42.5
-42.5
-5.831104018722986
-17.327556781395142
-17.017565226186797
-42.5
-17.22591338936809
-42.5
-19.554428735313834
-42.5
-19.95416118477395
-42.5
-17.612509821781106
-18.004744103851102
-42.5
-18.768911193398175
-42.5
-16.795637756003508
-42.5
-17.540396669599716
-42.5
-2.4110578613283264
-17.031827847579596
-17.702845684009986
3933
0
0
0
0
0
0
0
0
0
0
0
0
0
0
0
0
0
0
0
0
0
0
0
0
0
0
0
0
0
0
0
0
0
0
0
0
0
0
0
0
0
0
0
0
0
0
0
0
0
0
0
0
0
0
0
0
0
0
0
0
0
0
0
0
0
0
0
0
0
0
0
0
0
0
0
0
0
0
0
0
0
0
0
0
0
0
0
0
0
0
0
0
0
0
0
0
0
0
0
0
0
0
0
0
0
0
0
0
0
0
0
0
0
0
0
0
0
0
0
0
0
0
0
0
0
0
0
0
0
0
0
0
0
0
0
0
0
0
0
0
0
26235
0
0
0
0
0
0
0
0
0
0
0
0
0
0
0
0
0
0
0
0
0
0
0
0
0
0
0
0
0
0
0
0
0
0
0
0
0
0
0
0
0
0
0
0
0
0
0
0
0
0
0
0
0
0
0
0
0
0
0
0
0
0
0
0
0
0
0
0
0
0
0
0
0
0
0
0
0
0
0
0
0
0
0
0
0
0
0
0
0
0
0
0
0
0
0
0
0
0
0
0
0
0
0
0
0
0
0
0
0
0
0
0
0
0
0
0
0
0
0
0
0
0
0
0
0
0
0
0
0
0
0
0
0
0
0
0
0
0
0
0
0
0
0
0
0
0
0
0
0
0
0
0
0
0
0
0
0
0
0
0
0
0
0
0
0
0
0
0
0
0
0
0
0
0
0
0
0
0
0
0
0
0
0
0
0
0
0
0
0
