-0.599898457527, 25.9080200195, 2.83787608147
-0.566208302975, 32.4927406311, 2.8377764225
-0.586864709854, 34.0822906494, 2.83773303032
-0.557788133621, 37.2822799683, 2.83774828911
-0.551782429218, 37.5551643372, 2.83779358864
-0.524842143059, 43.8682479858, 2.83780646324
-0.564869940281, 35.1387557983, 2.83782982826
-0.591211080551, 29.9361438751, 2.83786773682
-0.565516650677, 31.896736145, 2.83790564537
-0.545644521713, 39.3811950684, 2.83792376518
-0.561573863029, 35.5465621948, 2.83794665337
-0.562342166901, 37.2739028931, 2.83796143532
-0.593389928341, 29.5062828064, 2.83795189857
-0.544152259827, 35.9461097717, 2.83794879913
-0.576220691204, 33.6933174133, 2.83793377876
-0.580909311771, 30.1466617584, 2.83792114258
-0.551362395287, 33.282333374, 2.83789896965
-0.56219369173, 38.4390907288, 2.83787608147
-0.557381749153, 37.8726425171, 2.83785939217
-0.551246404648, 31.3401622772, 2.83782887459
-0.568169116974, 32.5016365051, 2.83780169487
-0.548384785652, 34.9909744263, 2.83776926994
-0.57608705759, 33.8573989868, 2.83774542809
-0.589430868626, 31.7282791138, 2.83772969246
-0.837024211884, 49.1061134338, 2.83771014214
-0.846449911594, 39.5175514221, 2.83769917488
-0.882456123829, 27.492395401, 2.83768939972
-0.84654468298, 37.3242111206, 2.83767199516
-0.862327694893, 35.8635940552, 2.83765387535
-0.839958846569, 47.9661560059, 2.83763957024
-0.857978582382, 34.6537704468, 2.83761811256
-0.860026896, 35.7141304016, 2.83759093285
-0.871954500675, 31.549905777, 2.83756947517
-0.84707224369, 44.226108551, 2.83753943443
-0.849141120911, 40.3276672363, 2.83751702309
-0.862209796906, 32.3153305054, 2.83749604225
-0.829774022102, 49.9475898743, 2.83747363091
-0.869646847248, 33.1379318237, 2.83745551109
-0.855765342712, 38.9211807251, 2.83743309975
-0.868371129036, 27.5315818787, 2.83740782738
-0.954717576504, 27.7816238403, 2.83738207817
-0.958724677563, 20.7462291718, 2.83735942841
-0.967650711536, 20.4721832275, 2.83733391762
-0.946333646774, 29.0162277222, 2.83732104301
-0.979114115238, 16.649892807, 2.83732533455
-0.951691687107, 25.937204361, 2.8373234272
-0.956236362457, 27.8216400146, 2.83732628822
-0.947016119957, 24.6724948883, 2.83733391762
-0.947851538658, 28.4366970062, 2.83734822273
-0.96902012825, 16.1148376465, 2.83735656738
-0.960122346878, 26.7480888367, 2.83736157417
-0.953971922398, 23.7611217499, 2.8373773098
-0.954004526138, 24.9814395905, 2.83739447594
-0.974201738834, 18.9883422852, 2.83740496635
-0.947291254997, 22.3639621735, 2.83741259575
-0.965748250484, 21.0288543701, 2.83741784096
-0.691703498363, 28.2731494904, 2.83741688728
-0.684927523136, 38.8331832886, 2.83741497993
-0.693657934666, 30.6861190796, 2.83742451668
-0.697997570038, 25.8641662598, 2.83743834496
-0.712577164173, 21.166015625, 2.83746314049
-0.712620019913, 21.9481449127, 2.83748602867
-0.697630882263, 24.4787483215, 2.83750629425
-0.679324865341, 36.2396087646, 2.83751749992
-0.686586856842, 26.0479507446, 2.83754754066
-0.692111074924, 26.5603733063, 2.83756327629
-0.701614797115, 20.467212677, 2.8375852108
-0.682812869549, 28.0895633698, 2.83759307861
-0.690225124359, 31.3125, 2.83760046959
-0.709004700184, 24.3725566864, 2.83760356903
-0.694712519646, 26.5325202942, 2.83760333061
-0.689899742603, 35.445526123, 2.83759784698
-0.687605202198, 26.0969867706, 2.83757519722
-0.691308796406, 28.4913234711, 2.83756184578
-0.71110445261, 18.4209384918, 2.83755755424
-0.703699052334, 23.4479637146, 2.8375480175
-0.743387699127, 41.6137962341, 2.83753991127
-0.778870284557, 30.0553798676, 2.8375313282
-0.787996649742, 28.8041667938, 2.83753681183
-0.75120228529, 39.9843521118, 2.83753275871
-0.744962573051, 45.0821304321, 2.83754754066
-0.756679475307, 28.0560112, 2.8375556469
-0.764859080315, 29.7913990021, 2.83757281303
-0.772386789322, 33.7434005737, 2.83759856224
-0.751785933971, 37.1784973145, 2.83761668205
-0.77292072773, 30.0350379944, 2.83764362335
-0.735397875309, 43.5579223633, 2.83767199516
-0.757346689701, 33.1237335205, 2.83770012856
-0.764467000961, 32.3255653381, 2.83771777153
-0.749240636826, 37.577747345, 2.83773303032
-0.791530311108, 25.0824737549, 2.83774828911
-0.756336569786, 37.4284667969, 2.83775401115
-0.90457701683, 16.0943851471, 2.83776116371
-0.896037042141, 21.7828712463, 2.83775544167
-0.899162948132, 14.198928833, 2.83776783943
-0.877637684345, 29.6663131714, 2.83777594566
-0.901140272617, 17.9341373444, 2.83778119087
-0.897074401379, 16.2317523956, 2.83778119087
-0.887735784054, 24.1603546143, 2.8377764225
-0.887628912926, 19.376127243, 2.8377764225
-0.877961933613, 31.0608482361, 2.83778452873
-0.914800167084, 10.8231935501, 2.83780407906
-0.909150123596, 14.5366296768, 2.83780932426
-0.885618269444, 14.5147476196, 2.83781933784
-0.89212667942, 16.7242717743, 2.83782219887
-0.885640740395, 22.9006290436, 2.83782887459
-0.910461425781, 11.8415250778, 2.83782196045
-0.89122569561, 21.8976135254, 2.83780670166
-0.722427308559, 15.9403886795, 2.83780169487
-0.71989184618, 17.4532108307, 2.83780694008
-0.709914326668, 27.8510551453, 2.83782219887
-0.733354628086, 12.1299381256, 2.83783793449
-0.726209878922, 15.4749908447, 2.83785510063
-0.711035311222, 25.5626411438, 2.83787560463
-0.718796133995, 17.9402122498, 2.83789563179
-0.726003825665, 15.9995698929, 2.83790564537
-0.718918859959, 15.7976169586, 2.83793568611
-0.721946179867, 17.2194499969, 2.83797240257
-0.730727672577, 18.476858139, 2.83800768852
-0.711044371128, 21.7162342072, 2.83805823326
-0.732311308384, 9.97438621521, 2.83810973167
-0.741892278194, 11.0629196167, 2.838149786
-0.704191327095, 24.2938671112, 2.83819842339
-0.715917468071, 22.5346355438, 2.83823466301
-0.73860001564, 9.75270366669, 2.83826947212
-0.715618014336, 21.5734920502, 2.83831048012
-0.71477752924, 19.686920166, 2.83836340904
-0.730592191219, 12.0364704132, 2.83840942383
-0.750546991825, 24.921754837, 2.83845734596
-0.761015713215, 18.7334728241, 2.83850312233
-0.746343851089, 20.1847019196, 2.83856129646
-0.733263671398, 28.9811210632, 2.83862233162
-0.75159907341, 17.5291690826, 2.83868336678
-0.751643955708, 26.2018547058, 2.83873772621
-0.737353801727, 27.0169582367, 2.83879351616
-0.749183356762, 18.1873016357, 2.83885264397
-0.738516867161, 24.5128536224, 2.83891010284
-0.741926789284, 23.7430381775, 2.83896899223
-0.759606122971, 18.5531997681, 2.83902478218
-0.757347285748, 18.0161514282, 2.83907532692
-0.743276000023, 23.0189285278, 2.83912730217
-0.758097589016, 18.4173774719, 2.83917927742
-0.744774281979, 18.8148937225, 2.83921813965
-0.747773647308, 25.2847595215, 2.83925366402
-0.88307595253, 4.65139102936, 2.83928203583
-0.883967161179, 12.4660072327, 2.83930277824
-0.89504545927, 4.85027980804, 2.8393175602
-0.877396285534, 13.3453626633, 2.83933520317
-0.889801383018, 5.12038183212, 2.83934855461
-0.887333869934, 9.24788379669, 2.83936524391
-0.871454417706, 15.2061920166, 2.83937907219
-0.899866461754, 2.47666716576, 2.83938574791
-0.882524013519, 10.0520610809, 2.83939385414
-0.894586741924, 8.05534172058, 2.83939623833
-0.863426446915, 16.932012558, 2.83940052986
-0.893945872784, 4.82395267487, 2.83940124512
-0.891505122185, 6.68763494492, 2.83940124512
-0.879940807819, 13.1608886719, 2.83941149712
-0.894614994526, 4.94955587387, 2.83941674232
-0.882566511631, 8.39106655121, 2.83941578865
-0.619345963001, 17.6249504089, 2.83940339088
-0.618670940399, 11.7465934753, 2.83938670158
-0.607995212078, 16.1748542786, 2.83937573433
-0.617063820362, 18.0403270721, 2.83935618401
-0.624710023403, 11.1239585876, 2.83933758736
-0.603985965252, 21.4251098633, 2.8393175602
-0.61827558279, 16.2374916077, 2.83929181099
-0.627158880234, 8.74930095673, 2.8392636776
-0.622579038143, 14.1836414337, 2.83922314644
-0.612201035023, 19.5188579559, 2.83919548988
-0.612268805504, 17.4094276428, 2.83917021751
-0.612821877003, 16.8790817261, 2.83914208412
-0.621775209904, 13.4767656326, 2.83911395073
-0.624944150448, 15.2898826599, 2.83908581734
-0.608320534229, 18.088262558, 2.83905029297
-0.624375700951, 13.6277599335, 2.83901953697
-0.624600410461, 16.0208072662, 2.83898711205
-0.613022089005, 20.9266395569, 2.83895087242
-0.621973097324, 6.63240480423, 2.83891797066
-0.605139195919, 20.7732048035, 2.8388903141
-0.637486457825, 11.9644889832, 2.83885741234
-0.622006952763, 24.6963062286, 2.83882641792
-0.635989427567, 16.1299972534, 2.83879828453
-0.643781721592, 13.6520862579, 2.83877539635
-0.626322746277, 20.3845100403, 2.83875012398
-0.619732737541, 24.49559021, 2.83872961998
-0.628556728363, 17.4191074371, 2.83870482445
-0.652463257313, 11.7055854797, 2.83868479729
-0.646366775036, 10.2626037598, 2.83866858482
-0.621901571751, 23.8426704407, 2.83865427971
-0.643936395645, 11.3394088745, 2.83864331245
-0.62500411272, 22.2120475769, 2.8386259079
-0.627500414848, 18.5744037628, 2.83861470222
-0.636793673038, 10.483174324, 2.8385951519
-0.648087978363, 12.6792001724, 2.83857655525
-0.621516823769, 29.8210277557, 2.83855700493
-0.791624486446, 15.4964466095, 2.83853983879
-0.767876982689, 27.2246017456, 2.83853077888
-0.791776895523, 10.5218486786, 2.83851337433
-0.78021132946, 16.4619827271, 2.83849358559
-0.783105134964, 20.4572429657, 2.83847546577
-0.805388867855, 8.93283367157, 2.83845543861
-0.778561890125, 16.2797603607, 2.83843922615
-0.785006046295, 16.3806056976, 2.83842730522
-0.786605060101, 20.5834026337, 2.83841490746
-0.79210293293, 11.7128295898, 2.83839392662
-0.777813613415, 20.0094909668, 2.83837199211
-0.781847298145, 16.3818740845, 2.8383538723
-0.797173798084, 13.8377246857, 2.83833527565
-0.771051347256, 23.1476573944, 2.83831048012
-0.784733116627, 15.3170166016, 2.83829426765
-0.792172670364, 10.6803865433, 2.83827710152
-0.740261018276, 22.0798568726, 2.83825659752
-0.735516369343, 15.4093933105, 2.83823657036
-0.725271463394, 22.2427406311, 2.83821797371
-0.744657993317, 14.4659891129, 2.83821034431
-0.733204483986, 24.749370575, 2.83821082115
-0.745790064335, 12.492723465, 2.83820605278
-0.723440468311, 21.0749073029, 2.83821177483
-0.744601905346, 13.0108127594, 2.83822369576
-0.74013364315, 16.9071063995, 2.83824133873
-0.750247061253, 11.1647090912, 2.83826947212
-0.745805799961, 15.5615100861, 2.83829760551
-0.724632799625, 24.8634567261, 2.8383204937
-0.741784930229, 19.3073425293, 2.83834338188
-0.747595191002, 15.4789180756, 2.83837866783
-0.735655665398, 15.2757863998, 2.83839964867
-0.73282968998, 16.0648803711, 2.83843708038
-0.64847689867, 20.3072872162, 2.83846259117
-0.65426415205, 13.5776872635, 2.83848500252
-0.670434772968, 8.04762268066, 2.83849835396
-0.65593868494, 13.0968637466, 2.83850836754
-0.651913404465, 14.8352022171, 2.83851337433
-0.660379648209, 15.2450113297, 2.83852314949
-0.658717036247, 13.5387897491, 2.83852601051
-0.640412569046, 18.6211643219, 2.83852887154
-0.6654946208, 10.7559642792, 2.8385155201
-0.659062981606, 14.4011850357, 2.83849835396
-0.654828667641, 12.4866886139, 2.8384706974
-0.652717232704, 18.2145252228, 2.8384373188
-0.752360343933, 18.1917686462, 2.83840942383
-0.738590061665, 24.269367218, 2.8383872509
-0.763714551926, 14.500623703, 2.83836627007
-0.738341033459, 26.7384605408, 2.83834338188
-0.767556846142, 11.9244308472, 2.83832573891
-0.756947815418, 14.8978452682, 2.83830285072
-0.755196630955, 18.3532447815, 2.8382871151
-0.752851426601, 18.0358333588, 2.83826470375
-0.751557588577, 23.6696586609, 2.83824658394
-0.749099314213, 19.8984928131, 2.83823418617
-0.740450501442, 28.1387252808, 2.83821177483
-0.759638309479, 19.3721427917, 2.83820271492
-0.750521421432, 16.0007591248, 2.8381831646
-0.762563586235, 18.7901535034, 2.83817219734
-0.756055414677, 10.8787460327, 2.83815073967
-0.733159124851, 27.0241413116, 2.838129282
-0.753156065941, 18.9748878479, 2.83810400963
-0.763372898102, 18.3731842041, 2.83807635307
-0.757199525833, 17.6734771729, 2.83804583549
-0.761142551899, 13.1080589294, 2.83801531792
-0.718229472637, 12.2407302856, 2.83799052238
-0.680217504501, 27.8747024536, 2.83796954155
-0.701374351978, 18.9841041565, 2.83794140816
-0.683090567589, 26.3516025543, 2.83790564537
-0.713200628757, 16.7838478088, 2.83786273003
-0.713899731636, 9.70256328583, 2.83781170845
-0.692233324051, 27.7982673645, 2.83775830269
-0.686981797218, 23.1191329956, 2.83771300316
-0.711508333683, 15.5233516693, 2.83766460419
-0.696606218815, 23.4328689575, 2.83761310577
-0.6984141469, 19.5265579224, 2.8375480175
-0.699704825878, 18.561164856, 2.83748602867
-0.696716666222, 15.2100276947, 2.83741831779
-0.710422277451, 16.6592464447, 2.8373439312
-0.709165692329, 18.9500312805, 2.83727240562
-0.672415196896, 34.4430961609, 2.83720374107
-0.765469610691, 16.6173400879, 2.83712697029
-0.76633054018, 15.3431196213, 2.83705639839
-0.776923596859, 10.2093706131, 2.83698821068
-0.770851910114, 11.8522014618, 2.8369243145
-0.760889589787, 14.2299022675, 2.83687520027
-0.77344918251, 14.9216194153, 2.83684563637
-0.782143235207, 6.68747806549, 2.8368074894
-0.771640956402, 14.3321523666, 2.8367664814
-0.754427909851, 19.7332191467, 2.83673596382
-0.775847375393, 10.6014385223, 2.83669829369
-0.783601880074, 7.36723709106, 2.8366625309
-0.760244905949, 19.9474906921, 2.83663105965
-0.776130080223, 9.732421875, 2.83661174774
-0.770360291004, 14.8290576935, 2.83659863472
-0.766820073128, 17.1314430237, 2.83658337593
-0.76978302002, 11.003950119, 2.83655524254
-0.679717719555, 9.82720565796, 2.83652472496
-0.677842140198, 10.0486059189, 2.8365020752
-0.687596976757, 10.0511054993, 2.83647179604
-0.681571960449, 12.3872451782, 2.83644127846
-0.681119859219, 11.1457481384, 2.83641076088
-0.687487721443, 6.51561069489, 2.83638691902
-0.68034696579, 13.653922081, 2.83635735512
-0.686260521412, 10.5284404755, 2.83633351326
-0.702706336975, 8.12266159058, 2.83631682396
-0.676197588444, 12.4778642654, 2.83630347252
-0.675789177418, 11.6511154175, 2.83628869057
-0.684428989887, 7.95334148407, 2.83626580238
-0.692312479019, 9.92267036438, 2.8362429142
-0.686623096466, 10.6365222931, 2.83621239662
-0.678181111813, 12.2111587524, 2.8361890316
-0.677133619785, 9.15978813171, 2.83615398407
-0.692823886871, 26.7154064178, 2.83612132072
-0.706045925617, 21.4416103363, 2.83609271049
-0.691809415817, 31.816280365, 2.83606743813
-0.707259476185, 17.4775600433, 2.8360440731
-0.696682155132, 28.6409072876, 2.83602166176
-0.705903470516, 20.8142471313, 2.83600115776
-0.692196965218, 25.8073501587, 2.83597588539
-0.693367004395, 26.0016746521, 2.83595538139
-0.705994427204, 24.1304225922, 2.83594298363
-0.689372122288, 27.7985057831, 2.83591723442
-0.712738394737, 13.4556665421, 2.83588671684
-0.724758088589, 13.3879213333, 2.83585619926
-0.699484288692, 21.3643856049, 2.83581519127
-0.699634075165, 25.5418987274, 2.83577656746
-0.724428594112, 13.8929290771, 2.83572125435
-0.714193701744, 17.7276592255, 2.83565783501
-0.175069272518, 23.8244781494, -0.255979418755
-0.216737046838, 30.2891578674, -0.25607919693
-0.185510635376, 21.2939224243, -0.256149768829
-0.1158727929, 27.6094970703, -0.256193041801
-0.151987835765, 28.0988273621, -0.256214261055
-0.114553712308, 19.3506984711, -0.256198376417
-0.0845625028014, 18.0766201019, -0.256193131208
-0.12739752233, 20.4467887878, -0.256169348955
-0.133564427495, 25.2956638336, -0.256159901619
-0.171444401145, 20.0584945679, -0.256149768829
-0.171338021755, 14.5864944458, -0.256140589714
-0.183062836528, 16.7163696289, -0.256123512983
-0.144832387567, 14.4063482285, -0.256115466356
-0.125660166144, 21.3609867096, -0.256097316742
-0.14862601459, 20.5846557617, -0.256082564592
-0.122041426599, 20.6271038055, -0.256081074476
-0.12397120893, 19.3276920319, -0.256087809801
-0.176294595003, 18.9454689026, -0.256114035845
-0.173416927457, 22.8580036163, -0.256137013435
-0.153935819864, 16.3442153931, -0.256156086922
-0.186479523778, 17.9343547821, -0.256176441908
-0.124989561737, 20.7155303955, -0.256191372871
-0.132897421718, 14.0102052689, -0.256211727858
-0.157947391272, 20.9212913513, -0.25622561574
-0.18215867877, 17.0307006836, -0.256235152483
-0.133589878678, 21.8363437653, -0.256247967482
-0.126737013459, 19.0479393005, -0.256267100573
-0.181085914373, 16.9158172607, -0.256292372942
-0.137239173055, 17.9294509888, -0.256312340498
-0.13511236012, 19.7070598602, -0.256333827972
-0.154187917709, 12.0946407318, -0.25634431839
-0.152484819293, 17.5180187225, -0.256359100342
-0.41592758894, 28.5916061401, -0.256378620863
-0.38717225194, 36.3887939453, -0.256405711174
-0.413199216127, 41.8891105652, -0.256427884102
-0.42378243804, 23.3224639893, -0.25644826889
-0.383479356766, 29.0415248871, -0.256477802992
-0.39161080122, 37.5050315857, -0.256506890059
-0.398883134127, 28.6102142334, -0.25654026866
-0.40156134963, 32.3953933716, -0.256578415632
-0.405175238848, 37.262588501, -0.256614804268
-0.414765536785, 28.714094162, -0.256656140089
-0.40342348814, 29.031496048, -0.256696254015
-0.401458472013, 29.0898017883, -0.256736636162
-0.405262619257, 30.4063224792, -0.256790190935
-0.387509077787, 34.2255516052, -0.256849765778
-0.401393830776, 39.5685424805, -0.256907939911
-0.404169559479, 25.4886932373, -0.25696849823
-0.408864855766, 25.1154785156, -0.257033318281
-0.412887006998, 32.0353851318, -0.257099032402
-0.406473726034, 32.0992584229, -0.257166355848
-0.416291713715, 22.8015956879, -0.257227927446
-0.392197906971, 27.6206569672, -0.257288962603
-0.398578971624, 37.1210594177, -0.257348060608
-0.400549739599, 28.5634784698, -0.257410526276
-0.407752543688, 24.3810482025, -0.257474780083
-0.390667587519, 33.9029922485, -0.257531642914
-0.414317905903, 26.0614719391, -0.257585644722
-0.3994333148, 25.5948638916, -0.257631778717
-0.43653973937, 19.3427429199, -0.257691890001
-0.283932566643, 17.0357475281, -0.257763385773
-0.282930582762, 13.9217319489, -0.257825821638
-0.27688485384, 20.3617725372, -0.257886439562
-0.264006495476, 22.253616333, -0.257943123579
-0.265794545412, 16.0397968292, -0.257996052504
-0.289994448423, 9.73427009583, -0.258037090302
-0.269088178873, 17.7970867157, -0.258081555367
-0.267648935318, 14.9049243927, -0.258122473955
-0.27376550436, 10.7575893402, -0.258157223463
-0.289423972368, 11.2980098724, -0.258194893599
-0.278721004725, 16.052274704, -0.258239239454
-0.272711396217, 20.2331123352, -0.258285552263
-0.283131271601, 13.6048088074, -0.258329838514
-0.28104865551, 10.5027770996, -0.258368998766
-0.273368120193, 19.8533325195, -0.258399963379
-0.282824158669, 13.2565336227, -0.258434295654
-0.273766845465, 16.3088569641, -0.258457303047
-0.293138921261, 9.50640106201, -0.258487701416
-0.279154211283, 14.1966133118, -0.258517742157
-0.270755589008, 25.6531429291, -0.258546382189
-0.281244069338, 12.2005624771, -0.258577823639
-0.289529889822, 12.1050024033, -0.258610844612
-0.270451754332, 14.0389404297, -0.258649855852
-0.286294549704, 14.1438331604, -0.258679866791
-0.269269675016, 13.5051698685, -0.258713275194
-0.264512479305, 19.1616725922, -0.258748561144
-0.297020852566, 8.30060386658, -0.258785247803
-0.27730718255, 11.9270629883, -0.258824795485
-0.298154115677, 7.71451473236, -0.25886964798
-0.275779187679, 15.3162727356, -0.258913487196
-0.277421265841, 19.8919258118, -0.258952111006
-0.289000809193, 20.0055408478, -0.258997917175
-0.308910667896, 25.4035491943, -0.259041756392
-0.277065753937, 29.0158805847, -0.259069949389
-0.319815129042, 28.8015975952, -0.259088486433
-0.272676855326, 30.6057167053, -0.259114384651
-0.313834786415, 20.0705223083, -0.259148091078
-0.316772997379, 20.4043998718, -0.259180098772
-0.313953608274, 23.4009056091, -0.259201079607
-0.323172301054, 24.3616752625, -0.25921869278
-0.294468045235, 28.9101142883, -0.259234905243
-0.298226058483, 27.1902675629, -0.259246379137
-0.286412417889, 28.6646385193, -0.259243994951
-0.33138307929, 15.9973592758, -0.259250640869
-0.323577523232, 25.5135059357, -0.259259104729
-0.341319471598, 17.5666656494, -0.259273082018
-0.293297767639, 23.2073822021, -0.259287327528
-0.301374226809, 25.8379878998, -0.25929787755
-0.293890833855, 23.3160400391, -0.259314060211
-0.302090704441, 26.6940574646, -0.259327411652
-0.290131151676, 25.4952449799, -0.259342223406
-0.342034935951, 21.6920604706, -0.259356617928
-0.325560569763, 26.267156601, -0.259367018938
-0.293365985155, 20.8963413239, -0.259389400482
-0.327400416136, 18.5768470764, -0.259421348572
-0.308468312025, 22.740064621, -0.259453326464
-0.324176222086, 19.9343605042, -0.259479999542
-0.289886116982, 27.5412788391, -0.259512782097
-0.320570498705, 18.3773918152, -0.25954630971
-0.34923478961, 18.4413585663, -0.259575843811
-0.296654462814, 23.6209087372, -0.259605407715
-0.302118480206, 27.9513111115, -0.259639769793
-0.299270272255, 24.1692047119, -0.259672164917
-0.313045561314, 20.2533912659, -0.259702801704
-0.323085039854, 15.1790094376, -0.25973752141
-0.327666401863, 12.6254940033, -0.259774178267
-0.295209676027, 20.2105636597, -0.25981092453
-0.324715167284, 15.6293821335, -0.259838223457
-0.302788585424, 18.4777870178, -0.25987097621
-0.311964064837, 15.6006116867, -0.25989767909
-0.292649269104, 21.5699977875, -0.259929150343
-0.314321666956, 18.2862300873, -0.259960621595
-0.311791092157, 23.3784599304, -0.260004550219
-0.285256147385, 20.5401573181, -0.260051846504
-0.321287453175, 13.9435739517, -0.260094612837
-0.318509429693, 13.0334796906, -0.260134726763
-0.316935241222, 15.0182380676, -0.260178685188
-0.312096595764, 13.1951122284, -0.260226726532
-0.334143340588, 13.8546743393, -0.260269612074
-0.321246236563, 21.4266452789, -0.260316342115
-0.327546924353, 12.239900589, -0.260359793901
-0.294810831547, 20.6971111298, -0.260399788618
-0.311210602522, 14.0746212006, -0.260446429253
-0.28792026639, 19.6215267181, -0.260488539934
-0.324071079493, 13.621553421, -0.260537177324
-0.302883535624, 17.1763687134, -0.26059615612
-0.338177889585, 14.0557098389, -0.260652542114
-0.308166474104, 16.6860122681, -0.260714054108
-0.293935358524, 23.2370758057, -0.260776996613
-0.331176489592, 11.3112735748, -0.260848522186
-0.302213788033, 15.7003355026, -0.260915786028
-0.335626989603, 13.1679563522, -0.260989665985
-0.477393358946, 23.5658035278, -0.261061549187
-0.465236067772, 22.9336624146, -0.261118412018
-0.479456812143, 19.2174663544, -0.261176615953
-0.4611800313, 28.7955799103, -0.26123714447
-0.446523576975, 31.2535133362, -0.26129630208
-0.465409189463, 23.5001678467, -0.261360645294
-0.483353078365, 23.7300491333, -0.261421650648
-0.441898167133, 27.4744358063, -0.261490941048
-0.490846782923, 17.3480396271, -0.261556506157
-0.46334284544, 26.5917797089, -0.261618584394
-0.476034104824, 25.5404376984, -0.261679142714
-0.465280354023, 22.7038669586, -0.261746436357
-0.474294871092, 21.9733123779, -0.261807888746
-0.48000857234, 20.8189258575, -0.261864185333
-0.455642998219, 26.1992530823, -0.261942833662
-0.480720490217, 18.0758132935, -0.26201736927
-0.47093334794, 21.6537132263, -0.262084037066
-0.480530798435, 24.6871871948, -0.262156963348
-0.476034730673, 23.3499450684, -0.262230366468
-0.449801772833, 24.8628139496, -0.262311428785
-0.485553950071, 17.9457855225, -0.262387305498
-0.47694092989, 27.4172000885, -0.262459278107
-0.472288459539, 20.2073955536, -0.262541770935
-0.479203343391, 18.4553985596, -0.262620419264
-0.498445600271, 34.1725273132, -0.262701958418
-0.503066301346, 30.2726287842, -0.26277539134
-0.496866434813, 30.2830638885, -0.262844562531
-0.491798937321, 29.6986141205, -0.262910842896
-0.502901256084, 28.789894104, -0.262969970703
-0.521347045898, 28.6686840057, -0.263013809919
-0.486694842577, 41.1469688416, -0.263058632612
-0.497001260519, 22.3923110962, -0.263107806444
-0.511582911015, 30.0115718842, -0.263159245253
-0.502770423889, 29.4193572998, -0.263214945793
-0.52105730772, 23.3824520111, -0.263272166252
-0.492168843746, 43.7121887207, -0.263328671455
-0.508807122707, 39.2455787659, -0.263382911682
-0.512579858303, 27.8383369446, -0.263446331024
-0.511589229107, 26.5247917175, -0.263505458832
-0.499942064285, 31.4688873291, -0.263569802046
-0.502946555614, 20.0611419678, -0.263631790876
-0.502797663212, 34.2770042419, -0.263690024614
-0.507818818092, 31.4175300598, -0.26374578476
-0.514655649662, 21.9282588959, -0.26379597187
-0.499215126038, 27.024477005, -0.263848781586
-0.512577176094, 31.6477069855, -0.263903588057
-0.511651992798, 23.2006378174, -0.263963222504
-0.49775287509, 42.2604026794, -0.264031916857
-0.440721869469, 26.8443107605, -0.264106869698
-0.441141664982, 20.352645874, -0.264183521271
-0.443811148405, 15.7060756683, -0.264256954193
-0.413979589939, 24.8260421753, -0.264317393303
-0.423715233803, 22.5290374756, -0.26436188817
-0.442425370216, 17.8797798157, -0.264406234026
-0.421425968409, 28.5270690918, -0.264440506697
-0.438615471125, 18.5287590027, -0.264469027519
-0.442441284657, 16.8410148621, -0.264492988586
-0.456865370274, 19.4926433563, -0.264511227608
-0.449471592903, 15.8643608093, -0.264541625977
-0.42113751173, 19.8432712555, -0.264573931694
-0.436167448759, 20.439409256, -0.264604449272
-0.447784811258, 18.7054405212, -0.26464164257
-0.423841416836, 25.1673431396, -0.26467692852
-0.452757537365, 24.7186393738, -0.264715671539
-0.436146587133, 22.1568145752, -0.264757186174
-0.453507184982, 13.2184734344, -0.264800190926
-0.438984364271, 20.7950134277, -0.264842540026
-0.439426869154, 19.9579868317, -0.264895915985
-0.441585361958, 29.0055789948, -0.264963984489
-0.448657721281, 19.6334686279, -0.265028506517
-0.426866173744, 20.6785068512, -0.265086174011
-0.439749479294, 16.6265068054, -0.265137553215
-0.375256031752, 18.665096283, -0.265189647675
-0.35942080617, 14.1524219513, -0.26523450017
-0.365233540535, 19.796792984, -0.265278935432
-0.365772724152, 22.9740047455, -0.26532638073
-0.34632357955, 22.1251773834, -0.265370368958
-0.391674637794, 12.1674757004, -0.265413403511
-0.378497600555, 13.7321882248, -0.265456080437
-0.35466966033, 16.4090499878, -0.265491515398
-0.378689527512, 15.5107097626, -0.265533000231
-0.368217676878, 18.3102645874, -0.265570759773
-0.370046406984, 15.8991880417, -0.265621215105
-0.367622047663, 18.0857696533, -0.265670269728
-0.390970259905, 13.0953578949, -0.265730410814
-0.370815485716, 14.9445314407, -0.265802830458
-0.37143483758, 12.3184127808, -0.265877604485
-0.352825343609, 16.7283668518, -0.265955001116
-0.35328322649, 22.4733276367, -0.266027420759
-0.37209764123, 19.5513954163, -0.266100049019
-0.370873510838, 20.2694263458, -0.266163825989
-0.357230812311, 16.9369659424, -0.266227722168
-0.370341777802, 12.8079977036, -0.266290158033
-0.364356517792, 21.2029266357, -0.266352683306
-0.368040978909, 14.2615671158, -0.266409754753
-0.39249843359, 11.0058116913, -0.266480475664
-0.4007576406, 28.1830787659, -0.266554325819
-0.447440385818, 21.4267272949, -0.266620516777
-0.405302286148, 24.4752998352, -0.26668214798
-0.417645484209, 27.3284339905, -0.266749352217
-0.446448981762, 21.3220386505, -0.26680663228
-0.405881047249, 30.4817810059, -0.266853809357
-0.428495615721, 24.1167316437, -0.266897320747
-0.425644248724, 19.9179191589, -0.266928702593
-0.419440925121, 25.8088493347, -0.266962885857
-0.417744725943, 22.578546524, -0.266996353865
-0.430393457413, 24.8083629608, -0.267029345036
-0.429224699736, 23.5048294067, -0.267059743404
-0.407436043024, 26.6125221252, -0.267087817192
-0.437506616116, 23.0134029388, -0.267116069794
-0.417905420065, 27.8854732513, -0.267146080732
-0.415211558342, 21.9804859161, -0.267172396183
-0.429339617491, 21.7527694702, -0.267205238342
-0.452077329159, 16.6697006226, -0.267250984907
-0.420291304588, 27.1989479065, -0.267298728228
-0.442281186581, 16.7216529846, -0.267345011234
-0.398163318634, 28.1159439087, -0.267391204834
-0.421775043011, 22.4600658417, -0.267431259155
-0.412118136883, 26.2220993042, -0.267471313477
-0.437434673309, 20.0261497498, -0.267519831657
-0.418468922377, 21.0713195801, -0.267558574677
-0.441600739956, 19.9984436035, -0.267602801323
-0.446481972933, 22.9777069092, -0.267652481794
-0.423138767481, 21.0244808197, -0.267708301544
-0.4385420084, 31.1073627472, -0.267757385969
-0.43838173151, 35.0083351135, -0.267799794674
-0.427961409092, 32.902545929, -0.267819881439
-0.455069720745, 32.4977531433, -0.267846137285
-0.459698498249, 21.1960220337, -0.267861247063
-0.457309186459, 28.372428894, -0.267868876457
-0.462632596493, 23.7617969513, -0.26788520813
-0.44989746809, 24.2613735199, -0.267902493477
-0.461193472147, 26.2705287933, -0.26791369915
-0.449259132147, 29.2430686951, -0.267926633358
-0.446912944317, 23.6663761139, -0.267936676741
-0.450272321701, 27.2102680206, -0.267953872681
-0.424328118563, 44.1757698059, -0.26796066761
-0.46761199832, 25.9793281555, -0.267970561981
-0.454819142818, 30.0525054932, -0.267987728119
-0.452783674002, 25.3282756805, -0.268003344536
-0.454745411873, 28.3193035126, -0.268020510674
-0.455363482237, 25.2719345093, -0.268040239811
-0.475382208824, 26.91040802, -0.268060654402
-0.435432344675, 29.9439716339, -0.268087357283
-0.442682117224, 27.8556022644, -0.268114626408
-0.444132864475, 30.3746623993, -0.268145442009
-0.469848364592, 20.325345993, -0.268179923296
-0.448566198349, 30.0659103394, -0.268216669559
-0.440887451172, 30.7909965515, -0.268248081207
-0.44994276762, 23.6725273132, -0.26826480031
-0.471209555864, 21.9779624939, -0.268294870853
-0.45559450984, 32.0055961609, -0.268333464861
-0.456648468971, 23.4747409821, -0.268370658159
-0.439005970955, 29.4434299469, -0.268416285515
-0.448549151421, 20.1332759857, -0.268457531929
-0.463124752045, 26.0527591705, -0.268496990204
-0.464129954576, 23.3567237854, -0.268524169922
-0.461761444807, 18.0487442017, -0.268555164337
-0.440906941891, 31.1900520325, -0.268587946892
-0.459800481796, 21.7690601349, -0.268613815308
-0.448579221964, 22.978635788, -0.268643349409
-0.456276983023, 18.8543224335, -0.268667191267
-0.440603196621, 28.8149852753, -0.268701076508
-0.470796853304, 22.1127300262, -0.268737822771
-0.453501522541, 29.4723320007, -0.268771201372
-0.478506088257, 14.6659049988, -0.268807530403
-0.466720223427, 19.3564395905, -0.268848836422
-0.449618905783, 27.4569721222, -0.268891870975
-0.452201962471, 25.5550270081, -0.268936991692
-0.474022209644, 24.6321048737, -0.26898431778
-0.473680108786, 21.6571979523, -0.269037723541
-0.454487413168, 18.7660198212, -0.269095391035
-0.451146274805, 21.9353408813, -0.269159197807
-0.462713360786, 19.2948951721, -0.269228816032
-0.461795181036, 17.1561775208, -0.269303798676
-0.466287940741, 20.2303314209, -0.269372463226
-0.463658303022, 26.5939922333, -0.269453585148
-0.458882808685, 25.669588089, -0.269540309906
-0.474073022604, 14.6514635086, -0.269621729851
-0.442538797855, 31.832452774, -0.269708096981
-0.477267175913, 38.4995498657, -0.269796848297
-0.485714614391, 23.2045688629, -0.269880264997
-0.493660241365, 34.6296272278, -0.269963294268
-0.488271504641, 23.2544174194, -0.270048171282
-0.506359219551, 19.9277610779, -0.270126342773
-0.473885387182, 35.5480995178, -0.270194530487
-0.495398491621, 24.5637054443, -0.27024692297
-0.504544615746, 26.293422699, -0.270296633244
-0.484741687775, 24.6575546265, -0.270346641541
-0.476023435593, 30.1811218262, -0.270400583744
-0.491593062878, 29.1933937073, -0.270454525948
-0.506818234921, 21.8945789337, -0.270511209965
-0.477561503649, 35.192905426, -0.270562589169
-0.504766702652, 22.0360431671, -0.270611792803
-0.515044093132, 16.9861526489, -0.270659476519
-0.492192447186, 29.2618980408, -0.270720005035
-0.486488163471, 29.5645866394, -0.270774811506
-0.488723635674, 24.7763996124, -0.27082580328
-0.499831467867, 24.8932685852, -0.270872533321
-0.502831220627, 24.4948310852, -0.270919799805
-0.485129415989, 28.5853118896, -0.270967900753
-0.500287175179, 29.7411575317, -0.271027565002
-0.475216686726, 30.4260616302, -0.271088570356
-0.478027433157, 29.3199100494, -0.271153926849
-0.51350903511, 22.7627868652, -0.271225959063
-0.50147908926, 27.5557937622, -0.271295964718
-0.504085481167, 19.9134502411, -0.27136695385
-0.499007612467, 21.1990833282, -0.27143150568
-0.488640874624, 39.8346252441, -0.271502524614
-0.508944392204, 20.1980400085, -0.271571159363
-0.497963219881, 28.6248226166, -0.271625518799
-0.520975649357, 18.3040790558, -0.271679759026
-0.505353629589, 26.6758289337, -0.27173191309
-0.511804521084, 25.0107498169, -0.271785616875
-0.535776913166, 23.5103321075, -0.271832048893
-0.499700039625, 27.6208972931, -0.271880984306
-0.491748958826, 28.2506084442, -0.271932601929
-0.492627084255, 38.0781593323, -0.271988898516
-0.513666689396, 21.0400009155, -0.272042810917
-0.504987239838, 20.0320167542, -0.272099524736
-0.491752803326, 28.2210597992, -0.272153735161
-0.506920874119, 26.2523231506, -0.272212982178
-0.518504679203, 30.3988685608, -0.27227589488
-0.522666156292, 21.7821884155, -0.272347033024
-0.53298830986, 18.9780216217, -0.272410422564
-0.499845683575, 26.308177948, -0.272468686104
-0.516559660435, 19.9651374817, -0.272537261248
-0.505680859089, 23.4633827209, -0.272618710995
-0.533829092979, 19.8849468231, -0.272694170475
-0.508844852448, 28.9315319061, -0.272770762444
-0.489485353231, 27.4867324829, -0.272852897644
-0.515177965164, 29.6788635254, -0.272933483124
-0.451305687428, 20.8870944977, -0.273013144732
-0.425636559725, 31.0476150513, -0.273079872131
-0.437570869923, 19.5984764099, -0.273128479719
-0.453469723463, 17.7740306854, -0.273168563843
-0.427269399166, 23.8560295105, -0.273197650909
-0.44427266717, 23.6004276276, -0.273224800825
-0.431745648384, 30.3587150574, -0.27325245738
-0.431424081326, 32.4123687744, -0.27327349782
-0.463076889515, 18.656747818, -0.273284941912
-0.448529273272, 27.5762214661, -0.273285835981
-0.442874968052, 24.8277797699, -0.273285984993
-0.448913484812, 19.822637558, -0.27328684926
-0.413942992687, 24.8806037903, -0.273286402225
-0.43047273159, 31.1700553894, -0.273286700249
-0.451606571674, 18.810749054, -0.273289561272
-0.437597423792, 26.2839279175, -0.273289710283
-0.439277887344, 30.2393608093, -0.273292064667
-0.437209576368, 26.0038089752, -0.273283541203
-0.435810029507, 27.6369857788, -0.273279666901
-0.446681052446, 26.2473487854, -0.273274838924
-0.455022752285, 20.6027240753, -0.273274004459
-0.45578622818, 20.228931427, -0.273282974958
-0.454112648964, 20.33934021, -0.273288697004
-0.440383374691, 26.7820835114, -0.273302912712
-0.425532966852, 39.6978874207, -0.273317754269
-0.432696729898, 27.6409053802, -0.273333579302
-0.447391211987, 18.6347522736, -0.273352652788
-0.441431373358, 19.2894210815, -0.273365139961
-0.387271434069, 18.8769454956, -0.273370862007
-0.366327792406, 15.6476984024, -0.273394554853
-0.391354680061, 17.4400615692, -0.27341940999
-0.390126138926, 11.9678592682, -0.273449867964
-0.386751174927, 9.9753036499, -0.273466229439
-0.365690082312, 28.6507911682, -0.273491442204
-0.365361213684, 23.0724754333, -0.273528516293
-0.388122826815, 11.1615438461, -0.273558646441
-0.369674086571, 29.973072052, -0.273584365845
-0.388824522495, 15.666888237, -0.273622483015
-0.377381205559, 18.2531681061, -0.273665308952
-0.372746288776, 21.0498886108, -0.273704499006
-0.378693848848, 11.2431116104, -0.273750185966
-0.391108036041, 14.9798212051, -0.273801773787
-0.38272356987, 23.6479129791, -0.27385699749
-0.382644742727, 19.7669277191, -0.273909151554
-0.383916467428, 14.4859600067, -0.273966312408
-0.36648273468, 22.1883735657, -0.274027407169
-0.380855381489, 16.9669456482, -0.274087935686
-0.388087838888, 11.2904043198, -0.274154692888
-0.398538142443, 8.66496276855, -0.274224281311
-0.387540072203, 17.1215419769, -0.274296879768
-0.374647170305, 20.0684204102, -0.274376988411
-0.377757072449, 12.1920795441, -0.27445268631
-0.376350194216, 13.7504014969, -0.274534195662
-0.379433423281, 20.6941776276, -0.274616360664
-0.397183686495, 16.4385929108, -0.274688184261
-0.392123788595, 11.7851419449, -0.274759292603
-0.34330201149, 20.3029117584, -0.274840354919
-0.354019880295, 19.8937225342, -0.274926066399
-0.366231650114, 18.0674858093, -0.275007367134
-0.326741546392, 32.3885726929, -0.275082558393
-0.343913853168, 24.1217536926, -0.27514064312
-0.342580616474, 22.5275650024, -0.275202274323
-0.345365703106, 17.6380348206, -0.275263667107
-0.363540947437, 26.0958709717, -0.275322914124
-0.333019345999, 22.9950065613, -0.275371134281
-0.356493771076, 16.6417617798, -0.27542924881
-0.337469249964, 19.2275791168, -0.275490283966
-0.350117951632, 19.694229126, -0.275546073914
-0.343425512314, 18.9768676758, -0.275603175163
-0.341396719217, 27.2083930969, -0.275665402412
-0.354029208422, 19.1140975952, -0.275734484196
-0.358510822058, 18.7728900909, -0.275803029537
-0.357672929764, 27.5545482635, -0.275880396366
-0.344862937927, 17.9733600616, -0.275952219963
-0.351080149412, 15.7122058868, -0.27602955699
-0.322469979525, 30.254201889, -0.276098370552
-0.358684927225, 15.6773796082, -0.276173621416
-0.339083194733, 16.9789714813, -0.276258438826
-0.361387163401, 26.2392349243, -0.276338040829
-0.34604626894, 21.1908187866, -0.276421546936
-0.358394920826, 16.5384311676, -0.276514172554
-0.327585965395, 31.7018718719, -0.276602864265
-0.348812252283, 16.6071014404, -0.276691555977
-0.36786070466, 10.4693374634, -0.276788294315
-0.411791950464, 16.8082504272, -0.276884049177
-0.42973947525, 22.0391521454, -0.276968032122
-0.415709733963, 16.6213684082, -0.277035683393
-0.424368619919, 17.4141349792, -0.2771025002
-0.423120349646, 18.7144775391, -0.277165949345
-0.413906663656, 17.7716941833, -0.277236819267
-0.419093132019, 15.5781860352, -0.277304530144
-0.408439069986, 23.728302002, -0.277368962765
-0.422400087118, 13.5224065781, -0.277432322502
-0.443830937147, 16.8161621094, -0.277491033077
-0.431050479412, 15.1087703705, -0.277564048767
-0.412569731474, 16.3898277283, -0.277637451887
-0.404556393623, 17.0553798676, -0.277708053589
-0.435048431158, 14.6382083893, -0.277773439884
-0.426946371794, 18.320520401, -0.277834862471
-0.429160654545, 12.26795578, -0.277896046638
-0.425913631916, 18.9748134613, -0.277953118086
-0.423469364643, 17.1434020996, -0.278015166521
-0.43384706974, 13.7721014023, -0.278078198433
-0.423764795065, 11.6768159866, -0.278143882751
-0.403644412756, 23.922794342, -0.278206855059
-0.420282304287, 22.0805206299, -0.278273999691
-0.436857014894, 12.1274461746, -0.278338968754
-0.419726014137, 20.571231842, -0.278401255608
-0.409556657076, 15.3038263321, -0.278470873833
-0.424331754446, 12.4032306671, -0.278538167477
-0.441990375519, 14.2324028015, -0.278613626957
-0.419027924538, 13.6428880692, -0.278683125973
-0.445833563805, 20.1333885193, -0.278756976128
-0.446349322796, 21.6695365906, -0.278815805912
-0.442587435246, 34.0259857178, -0.27886813879
-0.456600993872, 29.545955658, -0.278903543949
-0.440339118242, 26.0446567535, -0.278937220573
-0.433738291264, 32.6281242371, -0.278964459896
-0.441169023514, 30.5534477234, -0.278999209404
-0.454353779554, 22.5350055695, -0.279037594795
-0.440042734146, 20.8120536804, -0.279081881046
-0.447755455971, 26.3691501617, -0.279118001461
-0.451241016388, 35.0216178894, -0.279149979353
-0.447411209345, 21.6452407837, -0.2791711092
-0.43140873313, 25.7690410614, -0.279197692871
-0.455880701542, 23.5848236084, -0.27922436595
-0.459568589926, 28.0981941223, -0.279254078865
-0.443930596113, 26.8430404663, -0.279292136431
-0.462289988995, 24.0573616028, -0.279327511787
-0.440637499094, 30.3732566833, -0.279362142086
-0.445900142193, 26.8964729309, -0.27940261364
-0.455581068993, 19.4410476685, -0.279450297356
-0.456807434559, 21.2606277466, -0.279492914677
-0.439292907715, 35.1226654053, -0.279536783695
-0.46124380827, 18.7469730377, -0.279588729143
-0.457837551832, 22.28282547, -0.279634892941
-0.392303049564, 14.8932723999, -0.279676407576
-0.388382703066, 19.0827350616, -0.279715567827
-0.400670021772, 14.168970108, -0.279757082462
-0.41466191411, 14.5523204803, -0.279791802168
-0.407924205065, 15.725856781, -0.279817461967
-0.390279948711, 14.9247961044, -0.279840886593
-0.39729616046, 20.7330436707, -0.279864192009
-0.416343480349, 9.94452476501, -0.279893994331
-0.398887932301, 13.2445135117, -0.27993530035
-0.388618886471, 17.6895313263, -0.279976844788
-0.408955037594, 10.0767879486, -0.280018270016
-0.411741495132, 14.2356538773, -0.280060887337
-0.402232825756, 12.2460746765, -0.280097126961
-0.389642268419, 23.1832542419, -0.280133783817
-0.391935348511, 17.2466125488, -0.28017142415
-0.410610556602, 11.4420070648, -0.280211031437
-0.413546681404, 11.5179672241, -0.280256301165
-0.398609936237, 20.0205020905, -0.280299067497
-0.409791350365, 18.4875469208, -0.280351608992
-0.402246981859, 13.600235939, -0.280404627323
-0.39647385478, 15.7072544098, -0.280453711748
-0.383293807507, 26.3685455322, -0.280506968498
-0.398568481207, 14.00182724, -0.280558466911
-0.401446282864, 14.963224411, -0.280613362789
-0.401275545359, 15.8371944427, -0.280672490597
-0.418516099453, 11.5012226105, -0.280731230974
-0.40709656477, 10.2912769318, -0.280795931816
-0.407740265131, 12.4012413025, -0.280861020088
-0.318161189556, 29.3548202515, -0.28093200922
-0.330786138773, 18.5375137329, -0.280994832516
-0.318751484156, 18.6794490814, -0.28106456995
-0.307394951582, 23.3772087097, -0.281127512455
-0.320490658283, 18.2027931213, -0.281186074018
-0.336777567863, 18.5350799561, -0.281236231327
-0.317226022482, 20.5485420227, -0.281279683113
-0.326687842607, 17.6743755341, -0.281320571899
-0.308577001095, 21.6953372955, -0.281363457441
-0.309377670288, 22.201210022, -0.281410634518
-0.326399713755, 18.012758255, -0.28145557642
-0.342396825552, 16.662311554, -0.28149998188
-0.337056487799, 22.8632087708, -0.281540036201
-0.308895617723, 21.4563407898, -0.281575322151
-0.317452996969, 21.4911975861, -0.28160816431
-0.327774912119, 14.570763588, -0.281639128923
-0.299719214439, 25.1137523651, -0.281673014164
-0.310186088085, 24.0163650513, -0.281707346439
-0.338036030531, 17.6150093079, -0.281743168831
-0.349190175533, 15.8744277954, -0.281781733036
-0.325104981661, 20.2593345642, -0.281819224358
-0.323366224766, 22.2687358856, -0.281861841679
-0.308710098267, 19.2484550476, -0.281901240349
-0.342252492905, 14.3458404541, -0.281930923462
-0.32850754261, 18.2941799164, -0.281962275505
-0.306736797094, 17.1093673706, -0.281998664141
-0.337989360094, 17.5118350983, -0.282040625811
-0.324200153351, 19.7935562134, -0.282086789608
-0.279212713242, 17.3549633026, -0.282130211592
-0.287781178951, 18.3447685242, -0.28217369318
-0.295834332705, 19.4728946686, -0.282214194536
-0.298621684313, 13.1843681335, -0.282243847847
-0.28494527936, 28.5039043427, -0.282266199589
-0.300591230392, 16.5618133545, -0.282281458378
-0.28910535574, 19.9336414337, -0.282290995121
-0.280980050564, 19.5499267578, -0.282302439213
-0.323645025492, 16.0727043152, -0.282312512398
-0.291079521179, 16.2019519806, -0.282322049141
-0.285348653793, 16.5722789764, -0.282334208488
-0.313161611557, 15.6570968628, -0.282344698906
-0.299509674311, 14.927895546, -0.282354474068
-0.301781266928, 12.9649562836, -0.282366633415
-0.287786275148, 18.760307312, -0.282377272844
-0.314117610455, 16.425737381, -0.28238338232
-0.308416575193, 17.8123588562, -0.28238761425
-0.298977673054, 16.6222076416, -0.282402873039
-0.284432500601, 20.0561256409, -0.282423436642
-0.283602833748, 16.3177890778, -0.282444924116
-0.309437572956, 19.6430950165, -0.28247153759
-0.28651830554, 19.7241172791, -0.282505869865
-0.293660193682, 13.2938194275, -0.282537430525
-0.296464323997, 13.7003984451, -0.282565951347
-0.441506117582, 14.0053081512, -0.282595664263
-0.449116945267, 21.2504520416, -0.282623261213
-0.442169308662, 18.6675319672, -0.282639533281
-0.443592309952, 15.165356636, -0.282666236162
-0.450090587139, 17.7280044556, -0.282691419125
-0.447602361441, 18.7860240936, -0.282707750797
-0.450981199741, 13.7239208221, -0.28272819519
-0.428146064281, 23.1834869385, -0.282752454281
-0.458325058222, 10.8675756454, -0.282779812813
-0.449965566397, 20.3188114166, -0.282810211182
-0.446017950773, 16.5717697144, -0.28283894062
-0.443126559258, 17.245092392, -0.282864034176
-0.462342888117, 13.8737316132, -0.282901793718
-0.454540759325, 12.2831068039, -0.282943308353
-0.455941408873, 13.1603345871, -0.282988578081
-0.450757175684, 20.270614624, -0.283038556576
-0.443951398134, 16.5621681213, -0.283088713884
-0.446604579687, 16.3559856415, -0.283139765263
-0.462079316378, 10.6737785339, -0.283189356327
-0.451802581549, 16.454252243, -0.283237993717
-0.4435159266, 14.6161489487, -0.283290743828
-0.449186682701, 14.8684825897, -0.283352315426
-0.454158723354, 15.0762872696, -0.283418685198
-0.469721108675, 10.9974784851, -0.283484995365
-0.462114810944, 13.0811977386, -0.283550262451
-0.444938212633, 19.9436645508, -0.283606529236
-0.450438201427, 15.8064718246, -0.283672302961
-0.441021382809, 17.0578899384, -0.283745795488
-0.549541652203, 38.8014030457, -0.283820182085
-0.549941658974, 41.9645385742, -0.283888280392
-0.546444535255, 29.9076385498, -0.283959507942
-0.573076426983, 21.5191822052, -0.284018933773
-0.550007522106, 36.8760147095, -0.284077763557
-0.570547044277, 24.0487747192, -0.284128159285
-0.561380445957, 32.378036499, -0.28418213129
-0.542282700539, 38.6453399658, -0.284242510796
-0.560122787952, 28.2055015564, -0.284306555986
-0.569757342339, 27.8043556213, -0.284377068281
-0.574333310127, 29.864780426, -0.284441530704
-0.552988052368, 28.1306591034, -0.284506797791
-0.582595705986, 23.3762798309, -0.284572601318
-0.541363537312, 34.2315940857, -0.284638434649
-0.551547825336, 37.9897727966, -0.284711420536
-0.579899013042, 25.2078285217, -0.284787207842
-0.545599102974, 35.826259613, -0.284856259823
-0.575070261955, 24.5594272614, -0.284936487675
-0.575187981129, 26.1486682892, -0.285017043352
-0.56450688839, 24.3704795837, -0.285093307495
-0.574917674065, 26.8627986908, -0.285165250301
-0.565239667892, 33.1838607788, -0.28525775671
-0.555356144905, 30.2433948517, -0.285356402397
-0.536292314529, 37.3813247681, -0.285458147526
-0.464656054974, 26.5038032532, -0.285565346479
-0.451446354389, 16.9362277985, -0.285659790039
-0.462118297815, 26.904712677, -0.285729974508
-0.456673711538, 24.1907653809, -0.285786598921
-0.457568913698, 21.7752876282, -0.285834342241
-0.450677901506, 22.2549057007, -0.285875737667
-0.444339394569, 35.2061347961, -0.285926431417
-0.472681105137, 17.812505722, -0.285977363586
-0.455707192421, 28.5854473114, -0.286019355059
-0.460286021233, 19.3713359833, -0.286045998335
-0.448779284954, 22.9703197479, -0.28607276082
-0.469885528088, 21.3823757172, -0.28609469533
-0.478687465191, 18.7559127808, -0.286116987467
-0.443477511406, 30.0124149323, -0.286141008139
-0.463445067406, 18.6380748749, -0.286152005196
-0.44179096818, 25.6409339905, -0.286162495613
-0.456455469131, 19.3510875702, -0.286172837019
-0.482541382313, 16.9517860413, -0.286182403564
-0.462892264128, 22.5094623566, -0.286203801632
-0.465227007866, 22.6402759552, -0.286220580339
-0.463338434696, 21.3848571777, -0.286246865988
-0.455515325069, 18.1439819336, -0.286264806986
-0.443589687347, 24.0081138611, -0.286288827658
-0.488319039345, 22.0707416534, -0.28631362319
-0.443604499102, 17.2350940704, -0.286344110966
-0.433980286121, 14.0328788757, -0.286375969648
-0.432360708714, 15.8327007294, -0.286400914192
-0.416184872389, 23.7345409393, -0.28642642498
-0.43911370635, 12.0782461166, -0.286454230547
-0.435741126537, 13.8127708435, -0.286485701799
-0.407255202532, 26.0848388672, -0.286517709494
-0.440279692411, 15.2800922394, -0.286546319723
-0.441806703806, 16.8022937775, -0.286581069231
-0.424913436174, 21.474822998, -0.286623388529
-0.416587710381, 22.3878879547, -0.286662131548
-0.429960817099, 15.5568809509, -0.286705583334
-0.43463614583, 13.3962440491, -0.286747545004
-0.441921710968, 14.2609519958, -0.286790460348
-0.436981290579, 18.5169429779, -0.286835670471
-0.432329267263, 16.2601909637, -0.286889612675
-0.423711597919, 23.4705200195, -0.286951899529
-0.426561534405, 17.2068023682, -0.28701171279
-0.440269142389, 16.4372234344, -0.28708255291
-0.432864755392, 13.55514431, -0.287148594856
-0.448140025139, 10.4932899475, -0.287216216326
-0.433776438236, 13.9859085083, -0.287282019854
-0.421235829592, 18.4320240021, -0.287351995707
-0.449659794569, 13.2165775299, -0.287421226501
-0.442738860846, 15.2565250397, -0.287492632866
-0.451679497957, 12.4388084412, -0.287568926811
-0.428512990475, 22.0818157196, -0.287645757198
-0.433143794537, 16.6176815033, -0.287722617388
-0.43735486269, 16.523355484, -0.287803262472
-0.452645719051, 13.2266464233, -0.287866711617
-0.441820770502, 19.9654121399, -0.28792911768
-0.44359588623, 16.6720714569, -0.287985831499
-0.425129026175, 19.8755626678, -0.28803101182
-0.44401961565, 19.496389389, -0.288074493408
-0.440597385168, 15.3965654373, -0.288120388985
-0.445794224739, 13.0103359222, -0.288167923689
-0.430502146482, 19.655462265, -0.288209348917
-0.444385707378, 22.0680141449, -0.288250356913
-0.44643035531, 14.5684223175, -0.28829574585
-0.447520077229, 21.6730136871, -0.288348585367
-0.450767189264, 15.169254303, -0.288396954536
-0.452046453953, 12.2973403931, -0.288435906172
-0.437545061111, 18.3831577301, -0.28846848011
-0.446525722742, 15.9259052277, -0.2885171175
-0.44614470005, 20.7404346466, -0.288568079472
-0.432947337627, 17.688785553, -0.288626104593
-0.436483830214, 21.4427680969, -0.288683056831
-0.466316759586, 14.6399869919, -0.288738131523
-0.444931864738, 14.6129283905, -0.288792073727
-0.435156553984, 19.3551712036, -0.288845092058
-0.441423326731, 15.0020170212, -0.288902312517
-0.442913353443, 18.2155284882, -0.288957983255
-0.336872220039, 25.5124130249, -0.289015650749
-0.3734395504, 18.8972740173, -0.289072960615
-0.362324029207, 19.8233222961, -0.289127737284
-0.337152063847, 28.5894565582, -0.289181143045
-0.33563414216, 31.8326129913, -0.289224743843
-0.342514902353, 28.8584117889, -0.28926807642
-0.359905481339, 19.7890625, -0.28931465745
-0.363173305988, 18.5446968079, -0.289352029562
-0.358807444572, 22.632610321, -0.289384275675
-0.313698977232, 36.3108711243, -0.289425849915
-0.356929093599, 21.1391181946, -0.289464950562
-0.350559860468, 21.5103130341, -0.289496451616
-0.348694175482, 26.9069957733, -0.289534956217
-0.362135410309, 20.7013225555, -0.289574056864
-0.368704646826, 21.2306671143, -0.28961712122
-0.32937759161, 25.0406036377, -0.28965434432
-0.362802267075, 16.9683551788, -0.289692759514
-0.34598621726, 24.1460971832, -0.289736717939
-0.359690219164, 24.4377727509, -0.289781451225
-0.37971034646, 21.2567691803, -0.289831280708
-0.335481375456, 25.5147418976, -0.289890289307
-0.337888389826, 32.1169815063, -0.289939880371
-0.383718788624, 15.3392896652, -0.289990544319
-0.359772741795, 19.8779335022, -0.290031552315
-0.338599771261, 23.1990909576, -0.290079116821
-0.365877121687, 18.6995716095, -0.29012259841
-0.362257301807, 23.5996437073, -0.290166974068
-0.337950438261, 23.1300182343, -0.290214419365
-0.351042330265, 15.0246601105, -0.290264964104
-0.319811403751, 15.2059650421, -0.290307879448
-0.331651508808, 15.7961969376, -0.29034653306
-0.352326482534, 10.5799598694, -0.29036578536
-0.327695518732, 22.4463539124, -0.290388524532
-0.335503995419, 9.61407089233, -0.290412902832
-0.32121104002, 12.4034566879, -0.290434449911
-0.342390418053, 12.3495826721, -0.290458798409
-0.334173291922, 18.6669082642, -0.290483593941
-0.332135289907, 11.4988079071, -0.29050719738
-0.341590106487, 13.4095258713, -0.290531992912
-0.322151482105, 22.266544342, -0.290555000305
-0.34130653739, 11.5176229477, -0.290570378304
-0.32082170248, 13.9340209961, -0.290584951639
-0.333981812, 16.8396186829, -0.290604710579
-0.341733366251, 9.38512039185, -0.290620803833
-0.336068987846, 14.5485448837, -0.290647894144
-0.329053163528, 13.8605976105, -0.290683627129
-0.350006878376, 10.7296972275, -0.290720403194
-0.339587569237, 9.89167499542, -0.290746122599
-0.330973684788, 15.7718095779, -0.29076102376
-0.350907146931, 7.83845853806, -0.290778040886
-0.332042187452, 11.8471679688, -0.290796667337
-0.342564225197, 23.3958244324, -0.290820002556
-0.341649800539, 11.1782493591, -0.290850073099
-0.312387466431, 15.4001464844, -0.290880203247
-0.332611143589, 11.7574911118, -0.290904998779
-0.351521283388, 7.63938903809, -0.290931135416
-0.375022858381, 23.828453064, -0.290959745646
-0.381899595261, 17.9140815735, -0.290982276201
-0.345818787813, 31.1455078125, -0.290998578072
-0.372103780508, 20.426651001, -0.291010320187
-0.382733464241, 23.1720867157, -0.291021317244
-0.370599329472, 25.6445541382, -0.291034132242
-0.363658428192, 19.2415161133, -0.291045755148
-0.34764906764, 30.3320407867, -0.291058152914
-0.385864049196, 20.8575534821, -0.291073411703
-0.364585608244, 21.3458366394, -0.29108813405
-0.374250113964, 18.9593696594, -0.291103392839
-0.379131555557, 20.1147193909, -0.291128277779
-0.372080713511, 20.8177986145, -0.291151970625
-0.370869010687, 25.6625061035, -0.291173368692
-0.39691272378, 18.7363414764, -0.291184544563
-0.394959151745, 16.7950935364, -0.291207283735
-0.338017106056, 31.4967002869, -0.291230171919
-0.368587106466, 21.3276176453, -0.291256517172
-0.362717330456, 25.9965515137, -0.291279792786
-0.38471660018, 16.6356277466, -0.291304707527
-0.354250878096, 21.8452186584, -0.291328847408
-0.368525385857, 19.4444046021, -0.291348576546
-0.381493985653, 18.0470657349, -0.291369825602
-0.361583739519, 18.9489364624, -0.291399985552
-0.379483163357, 25.3291530609, -0.291438490152
-0.388287067413, 19.7558307648, -0.291474223137
-0.369739383459, 22.946937561, -0.29151019454
-0.372089773417, 19.3087177277, -0.291549652815
-0.460287749767, 24.9578208923, -0.291581183672
-0.461566925049, 20.8205547333, -0.291593551636
-0.445526540279, 23.3341007233, -0.291617393494
-0.467280685902, 22.4004135132, -0.29164275527
-0.467105060816, 19.3095359802, -0.29166996479
-0.437436372042, 25.0656967163, -0.291701883078
-0.453089207411, 22.8962688446, -0.291732668877
-0.461647063494, 14.1239070892, -0.291753381491
-0.476144552231, 27.9252719879, -0.291779488325
-0.428994685411, 28.8232650757, -0.291795343161
-0.479267984629, 21.9968624115, -0.2918215096
-0.448645859957, 23.4593505859, -0.291858285666
-0.449432522058, 21.5247707367, -0.291893839836
-0.470354944468, 18.3429985046, -0.291925430298
-0.450761854649, 32.783367157, -0.291962653399
-0.479990005493, 22.0494327545, -0.292007863522
-0.458680868149, 23.7733573914, -0.292055517435
-0.466451704502, 18.5463485718, -0.292105555534
-0.466248631477, 14.1993188858, -0.292162895203
-0.451541721821, 19.7825984955, -0.292216300964
-0.459227412939, 19.6879806519, -0.292275816202
-0.477882921696, 18.8159408569, -0.292332679033
-0.492059439421, 15.9058742523, -0.292393118143
-0.460113525391, 22.9263248444, -0.292469024658
-0.450172662735, 19.4982032776, -0.292551010847
-0.45126876235, 21.8182582855, -0.292625427246
-0.458241462708, 20.9326934814, -0.292693018913
-0.449017554522, 23.2572193146, -0.29275906086
-0.520287334919, 12.8864202499, -0.292828947306
-0.531337738037, 13.3906049728, -0.292893379927
-0.51032346487, 23.5880260468, -0.292943537235
-0.523885071278, 19.6975059509, -0.292981684208
-0.531267642975, 9.7816028595, -0.293017506599
-0.528536498547, 13.203207016, -0.293048292398
-0.502567112446, 28.814699173, -0.293084174395
-0.524091184139, 15.1541986465, -0.293116033077
-0.525548279285, 14.8869838715, -0.293139070272
-0.531771063805, 9.16158008575, -0.29315033555
-0.544163048267, 7.25879192352, -0.293170511723
-0.536550164223, 16.1592693329, -0.29319897294
-0.527604162693, 11.7680196762, -0.29322707653
-0.5261734128, 17.3753623962, -0.293259054422
-0.532850980759, 14.4874038696, -0.293290108442
-0.530696809292, 10.2983999252, -0.293314963579
-0.529551923275, 13.8762731552, -0.29334834218
-0.530940890312, 22.3379898071, -0.293387800455
-0.516256332397, 20.0120582581, -0.293412744999
-0.535440027714, 12.1836462021, -0.293439865112
-0.543247580528, 9.07098674774, -0.293471723795
-0.539164304733, 11.6015634537, -0.293499916792
-0.526743471622, 18.0455875397, -0.29353711009
-0.52413892746, 15.327829361, -0.293571084738
-0.464467167854, 27.0717391968, -0.293609589338
-0.477258324623, 20.9129009247, -0.293648719788
-0.466173112392, 31.2087059021, -0.293684571981
-0.477362900972, 16.9132881165, -0.29371368885
-0.480650782585, 22.9122829437, -0.293749272823
-0.475282967091, 25.6931762695, -0.293791234493
-0.471861064434, 30.0282936096, -0.293827444315
-0.474925518036, 23.2822990417, -0.293872267008
-0.476804107428, 22.5035953522, -0.293914794922
-0.459106892347, 27.9759616852, -0.293966680765
-0.482724606991, 20.6403045654, -0.294025987387
-0.480057150126, 21.3536109924, -0.29409122467
-0.480542898178, 20.6682853699, -0.294150471687
-0.480813235044, 26.9730319977, -0.294223666191
-0.480953812599, 20.800327301, -0.294293433428
-0.469139754772, 31.8053817749, -0.294367909431
-0.469439089298, 20.7178535461, -0.294447928667
-0.471296995878, 21.3942337036, -0.294527471066
-0.482183694839, 22.899105072, -0.294613450766
-0.477026075125, 25.3622837067, -0.294705420732
-0.496223032475, 16.9780426025, -0.294796973467
-0.464849770069, 28.316942215, -0.294896245003
-0.466455608606, 23.4126091003, -0.294995874166
-0.489042520523, 16.3728637695, -0.295094490051
-0.316739708185, 12.1746015549, -0.295194238424
-0.321241736412, 15.9525003433, -0.295280456543
-0.3314011693, 16.4906978607, -0.295359075069
-0.305683404207, 20.2923030853, -0.29543030262
-0.308362007141, 18.2942123413, -0.295491218567
-0.299807667732, 19.6306476593, -0.295543640852
-0.332234919071, 20.0515174866, -0.295595735312
-0.326627582312, 16.7674751282, -0.295648962259
-0.324891090393, 15.8998794556, -0.295702904463
-0.324628800154, 13.2290334702, -0.295746684074
-0.314795851707, 20.877538681, -0.295793116093
-0.310828894377, 25.8630638123, -0.295836418867
-0.323562800884, 13.5761470795, -0.295873254538
-0.315005272627, 12.8933963776, -0.295911371708
-0.33139693737, 16.7551994324, -0.295945703983
-0.318039059639, 21.1970920563, -0.295978426933
-0.322271317244, 11.8927297592, -0.296011388302
-0.30967387557, 22.6933326721, -0.296053349972
-0.330322474241, 10.9563179016, -0.296098291874
-0.333840250969, 14.4900245667, -0.29615214467
-0.319863677025, 13.856628418, -0.296198815107
-0.31626522541, 16.4069805145, -0.296236991882
-0.329161703587, 13.4589576721, -0.296280860901
-0.340783923864, 13.2376756668, -0.296329110861
-0.31802496314, 13.0044898987, -0.296374350786
-0.30317568779, 19.4639015198, -0.296414911747
-0.328289419413, 13.2831783295, -0.296449542046
-0.330873578787, 16.3924655914, -0.296488374472
